<run timestamp='2026-02-18T10:49:36.213483' device='cos_qca' hostname='C9105AXI-B' model='UNKNOWN' version='17.12.6.28' Ip='192.168.0.212' SN='PSZ24151JZC'>

<cmd string='show clock'>
	show clock
*05:19:34 UTC Wed Feb 18 2026


<cmd string='show version'>
	show version
             Restricted Rights Legend

Use, duplication, or disclosure by the Government is subject to
restrictions as set forth in subparagraph (c) of the Commercial
Computer Software - Restricted Rights clause at FAR sec. 52.227-19 and
subparagraph (c) (1) (ii) of the Rights in Technical Data and Computer
Software clause at DFARS sec. 252.227-7013.

            Cisco Systems, Inc.
            170 West Tasman Drive
            San Jose, California 95134-1706

This product contains cryptographic features and is subject to United
States and local country laws governing import, export, transfer and
use. Delivery of Cisco cryptographic products does not imply
third-party authority to import, export, distribute or use encryption.
Importers, exporters, distributors and users are responsible for
compliance with U.S. and local country laws. By using this product you
agree to comply with applicable laws and regulations. If you are unable
to comply with U.S. and local laws, return this product immediately.

A summary of U.S. laws governing Cisco cryptographic products may be found at:
http://www.cisco.com/wwl/export/crypto/tool/stqrg.html

If you require further assistance please contact us by sending email to
export@cisco.com.

This product contains some software licensed under the
"GNU General Public License, version 2" provided with
ABSOLUTELY NO WARRANTY under the terms of
"GNU General Public License, version 2", available here:
http://www.gnu.org/licenses/old-licenses/gpl-2.0.html

This product contains some software licensed under the
"GNU Library General Public License, version 2" provided
with ABSOLUTELY NO WARRANTY under the terms of "GNU Library
General Public License, version 2", available here:
http://www.gnu.org/licenses/old-licenses/lgpl-2.0.html

This product contains some software licensed under the
"GNU Lesser General Public License, version 2.1" provided
with ABSOLUTELY NO WARRANTY under the terms of "GNU Lesser
General Public License, version 2.1", available here:
http://www.gnu.org/licenses/old-licenses/lgpl-2.1.html

This product contains some software licensed under the 
"GNU General Public License, version 3" provided with 
ABSOLUTELY NO WARRANTY under the terms of  
"GNU General Public License, Version 3", available here: 
http://www.gnu.org/licenses/gpl.html.

This product contains some software licensed under the
"GNU Affero General Public License, version 3" provided
with ABSOLUTELY NO WARRANTY under the terms of
"GNU Affero General Public License, version 3", available here:
http://www.gnu.org/licenses/agpl-3.0.html.

Cisco AP Software, (ap1g8), C9105, RELEASE SOFTWARE
Technical Support: http://www.cisco.com/techsupport
Copyright (c) 1986-2026 by Cisco Systems, Inc.
Compiled Tue Aug 26 13:38:12 GMT 2025

ROM: Bootstrap program is U-Boot boot loader
BOOTLDR: U-Boot boot loader Version 0x64

Ap9105 uptime is 0 days, 0 hours, 21 minutes
Last reload time   : Sat Jan 24 03:47:12 UTC 2026
Last reload reason : unknown
 
cisco C9105AXI-B ARMv7 Processor rev 5 (v7l) with 1989868/1289104K bytes of memory.
Processor board ID PSZ24151JZC
AP Running Image     : 17.12.6.28
Primary Boot Image   : 17.12.6.28
Backup Boot Image    : 8.10.162.0
Primary Boot Image Hash: 91eaa673f25e67de6bb039594ccaae766fbc4ba8e97ae7149be43389fdd6bc21910cac8b283049ef35b497e8c8d349f06773d24b554d8c5a7d4eca08d684a79e
Backup  Boot Image Hash: 11d3fce5d328fe915f39ee1c774515c315066a526c66d92456ce241296f4751da81ad11449e1b5c38c42cad630c036d71ec0662800c46fa1d69923c69a309574
1 Multigigabit Ethernet interfaces
2 802.11 Radios
1 Bluetooth Low Energy Radio (2652R1)
Radio Driver version : Broadcom BCA: 17.20 RC10.0
Radio FW version : 1570.15687.r52207 0
NSS FW version : NA

Base ethernet MAC Address            : 5C:71:0D:EC:F3:40
Part Number                          : 0-000000-00
PCA Assembly Number                  : 074-123369-01
PCA Revision Number                  : 01
PCB Serial Number                    : PSZ24151JZC
Top Assembly Part Number             : 074-123369-01
Top Assembly Serial Number           : PSZ24151JZC
Top Revision Number                  : 01
Product/Model Number                 : C9105AXI-B          




<cmd string='show flash'>
	show flash
Directory of /storage/
total 312K
-rw-r--r--    1 root     root             4 Jan 24 03:47 BOOT_COUNT
-rw-r--r--    1 root     root             4 Jan 24 03:47 BOOT_COUNT.reserve
-rw-r--r--    1 root     root             4 Feb 18 05:00 CDUMP_COUNT
-rw-r--r--    1 root     root            11 Jan 24 03:47 COOKIE_PID
-rw-r--r--    1 root     root             6 Feb 20  2025 EXPECTED_BOOT
-rw-r--r--    1 root     root            35 Feb 20  2025 IMAGE_INTEGRITY
lrwxrwxrwx    1 root     root            28 May 11  2020 PERS_CRASH_LOG -> /storage/syslogs/2.crash_log
-rw-r--r--    1 root     root            29 Jan 24 03:47 RELOADED_AT_UTC
-rw-r--r--    1 root     root            12 Jan 24 03:47 TOP_ASSEMBLY_SNUMBER
-rw-r--r--    1 root     root         62542 Mar 19  2025 after-upgrade.log
drwxr-xr-x    2 rsyncuse root           160 Jan 24 03:47 application
-rw-r--r--    1 root     root          4540 Feb 18 05:00 base_capwap_cfg_info
-rw-r--r--    1 root     root         62584 Feb 21  2025 before-upgrade.log
-rw-r--r--    1 root     root             2 Apr 16  2020 boot_debug
-rw-r--r--    1 root     root         61600 Jan 24 03:47 bootloader.log
-rw-r--r--    1 root     root             5 Jan 17 02:56 bootloader_verify.shadow
-rw-r--r--    1 root     root            18 Aug 27  2024 config
-rw-r--r--    1 root     root          7065 Feb 18 05:00 config.flex
-rw-r--r--    1 root     root             0 Feb 18 05:00 config.flex.mgroup
-rw-r--r--    1 root     root             0 Jan 24 03:47 config.local
-rw-r--r--    1 root     root             0 Jan 18 07:15 config.mesh
-rw-r--r--    1 root     root           150 Jan 24 03:47 config.mobexp
-rw-r--r--    1 root     root             0 Jan 24 03:47 config.oeap
-rw-r--r--    1 root     root             0 Feb 18 05:00 config.ranging
-rw-r--r--    1 root     root           180 Aug 27  2024 config.tls_client
-rw-r--r--    1 root     root           911 Feb 18 05:09 config.wireless
drwxr-xr-x    3 root     root           240 Aug 30  2024 cores
drwxr-xr-x    2 root     root           160 Feb 20  2025 firmware
-rw-r--r--    1 root     root             0 Feb 18 05:00 geoloc.data
-rw-r--r--    1 root     root           158 Jan 24 03:48 iot_status_ttyiot0.txt
-rw-r--r--    1 root     root           214 Feb  1 01:38 last_good_uplink_config
drwxr-xr-x    2 root     root           160 Jan  1  1970 lists
-rw-r--r--    1 root     root         13376 Jan 24 03:47 nvram_setting
-rw-r--r--    1 root     root           216 Feb 21  2025 part1_info.ver
-rw-r--r--    1 root     root           236 Jan 24 03:47 part2_info.ver
drwxr-xr-x    3 root     root           368 Aug 27  2024 pnp
-rw-r--r--    1 root     root          4096 Feb 18 05:04 random_seed
-rw-r--r--    1 root     root             3 Apr 16  2020 rxtx_mode
drwxr-xr-x    2 root     root           648 Apr 16  2020 ssh
-rw-r--r--    1 root     root            40 Oct  9  2023 stable_secret_seed
drwxr-xr-x    3 support  root           224 Apr 15  2020 support
drwxr-xr-x    2 root     root          4536 Feb 18 05:14 syslogs
-rw-r--r--    1 root     root             1 Jan 24 03:48 wips_adminstate_capwap
---------------------------------------------------------------------------
Filesystem                Size      Used Available Use% Mounted on
/dev/ubivol/part2       520.1M     60.5M    459.7M  12% /part2



<cmd string='show flash | i cnssdaemon.log'>
	show flash | i cnssdaemon.log


<cmd string='show boot'>
	show boot

--- Boot Variable Table ---
BOOT path-list:      part2
Console Baudrate:    9600
Enable Break:        yes
Manual Boot:         no
Memory Debug:        no
Crashkernel:         no
SCRUB_LIMIT:         40 (default)
Kdump Limit:         0
Kdump Collected:     0
Debug init:          0
---- Critical Applications UP timestamp ---
#This file contains EVENT, TIME(in seconds since boot)
SYSTEMD-START-ubifs_reformat_mount: [56.78]
SYSTEMD-START-mountfs: [57.48]
MOUNTFS-START: [57.60]
MOUNTFS-END: [58.46]
SYSTEMD-START-fipscheck: [58.66]
SYSTEMD-START-cisco-seed: [58.71]
SYSTEMD-START-generate_platforms: [58.76]
SYSTEMD-START-system_time_start: [58.82]
SYSTEMD-START-btldr_check: [59.47]
SYSTEMD-START-system_time_stop: [59.69]
SYSTEMD-START-pkginstall: [59.74]
SYSTEMD-START-act2check: [59.79]
SYSTEMD-START-S10boot: [59.84]
SYSTEMD-START-nolan: [68.98]
SYSTEMD-START-S15nss: [69.03]
SYSTEMD-START-act2_init: [71.51]
SYSTEMD-START-S15platform: [73.42]
SYSTEMD-START-S15kclick: [73.46]
SYSTEMD-START-pre_poe_neg: [73.51]
SYSTEMD-START-S18cisco: [81.47]
SYSTEMD-START-me-ewlc: [81.53]
SYSTEMD-START-S16mod_load: [81.58]
SYSTEMD-START-sysctl: [81.62]
SYSTEMD-START-rsyslog: [112.19]
SYSTEMD-START-S16platform: [112.28]
SYSTEMD-START-synclogd: [112.45]
SYSTEMD-START-brain: [112.72]
CAPWAP_BRAIN_START: [112.81]
CAPWAP_BRAIN_CLICK_GRAPH_INIT_BEGIN: [112.98]
SYSTEMD-START-powerd: [113.10]
CAPWAP_BRAIN_CLICK_GRAPH_INIT_END: [115.38]
CAPWAP_BRAIN_LOAD_WIRELESS_DRIVERS_MAIN_BEGIN: [115.42]
CAPWAP_BRAIN_LOAD_WIRELESS_DRIVERS_MAIN_END: [115.43]
CAPWAP_BRAIN_LOOP_START: [115.50]
CAPWAP_BRAIN_BEGIN_INIT_SETUP: [115.62]
CAPWAP_BRAIN_LOAD_WIRELESS_DRIVERS_BEGIN: [115.83]
CAPWAP_BRAIN_LOAD_WIRELESS_DRIVERS_END: [115.89]
CAPWAP_BRAIN_DONE_INIT_SETUP: [116.13]
SYSTEMD-START-klogd: [118.48]
SYSTEMD-START-printkd: [118.52]
SYSTEMD-START-ntp_proc: [119.02]
GOT IP[192.168.0.212]: [119.94]
SYSTEMD-START-sshd: [121.78]
SYSTEMD-START-wcpd: [122.56]
SYSTEMD-START-dhcpv6: [122.63]
SYSTEMD-START-capwapd: [122.98]
SYSTEMD-START-ble: [123.15]
SYSTEMD-START-system_monitor: [123.25]
SYSTEMD-START-led: [123.50]
SYSTEMD-START-image_updater: [123.67]
SYSTEMD-START-cisco-kexec: [123.83]
SYSTEMD-START-rtd: [124.62]
SYSTEMD-START-aptraced: [124.63]
SYSTEMD-START-dnsmasq: [124.65]
SYSTEMD-START-hostapd: [124.76]
SYSTEMD-START-grpc: [124.84]
SYSTEMD-START-cleanair: [124.86]
SYSTEMD-START-dhcpv6: [125.93]
SYSTEMD-START-fastcgi: [133.40]
SYSTEMD-START-dhcpv6: [153.44]
CAPWAP-STATE[Init]: [154.43]
CAPWAP-STATE[Discovery]: [154.45]
CAPWAP-STATE[Discovery]: [154.50]
CAPWAP-STATE[DTLS Setup]: [154.54]
CAPWAP-STATE[Join]: [156.53]
CAPWAP-STATE[Image Data]: [157.02]
CAPWAP-STATE[Configure]: [157.23]
CAPWAP-STATE[Run]: [158.52]
SYSTEMD-START-rsyslog: [164.49]
SYSTEMD-START-dhcpv6: [245.81]


<cmd string='show filesystems'>
	show filesystems
Filesystem                Size      Used Available Use% Mounted on
devtmpfs                969.6M      4.0K    969.6M   0% /dev
/sysroot                971.6M    132.1M    839.6M  14% /
tmpfs                     1.0M     56.0K    968.0K   5% /dev/shm
tmpfs                   971.6M         0    971.6M   0% /run
tmpfs                   971.6M         0    971.6M   0% /sys/fs/cgroup
/dev/ubivol/part1       372.1M     56.8M    315.4M  15% /part1
/dev/ubivol/part2       520.1M     60.5M    459.7M  12% /part2
none                    100.0M      1.8M     98.3M   2% /tmp
none                     10.0M         0     10.0M   0% /firmwarelog
none                      1.0M     56.0K    968.0K   5% /dev/shm


<cmd string='show image integrity'>
	show image integrity
/part1(Backup) 8.10.162.0
    part.bin : Good
    ramfs_data_cisco.cpio.lzma : Good
    iox.tar.gz : Good
/part2(primary) 17.12.6.28
    part.bin : Good
    ramfs_data_cisco.cpio.lzma : Good
    iox.tar.gz : Good

<run timestamp='2026-02-18T11:55:18.955955' device='cos_qca' hostname='C9105AXI-B' model='UNKNOWN' version='17.12.6.28' Ip='192.168.0.212' SN='PSZ24151JZC'>

<cmd string='show clock'>
	show clock
*06:25:17 UTC Wed Feb 18 2026


<cmd string='show version'>
	show version
             Restricted Rights Legend

Use, duplication, or disclosure by the Government is subject to
restrictions as set forth in subparagraph (c) of the Commercial
Computer Software - Restricted Rights clause at FAR sec. 52.227-19 and
subparagraph (c) (1) (ii) of the Rights in Technical Data and Computer
Software clause at DFARS sec. 252.227-7013.

            Cisco Systems, Inc.
            170 West Tasman Drive
            San Jose, California 95134-1706

This product contains cryptographic features and is subject to United
States and local country laws governing import, export, transfer and
use. Delivery of Cisco cryptographic products does not imply
third-party authority to import, export, distribute or use encryption.
Importers, exporters, distributors and users are responsible for
compliance with U.S. and local country laws. By using this product you
agree to comply with applicable laws and regulations. If you are unable
to comply with U.S. and local laws, return this product immediately.

A summary of U.S. laws governing Cisco cryptographic products may be found at:
http://www.cisco.com/wwl/export/crypto/tool/stqrg.html

If you require further assistance please contact us by sending email to
export@cisco.com.

This product contains some software licensed under the
"GNU General Public License, version 2" provided with
ABSOLUTELY NO WARRANTY under the terms of
"GNU General Public License, version 2", available here:
http://www.gnu.org/licenses/old-licenses/gpl-2.0.html

This product contains some software licensed under the
"GNU Library General Public License, version 2" provided
with ABSOLUTELY NO WARRANTY under the terms of "GNU Library
General Public License, version 2", available here:
http://www.gnu.org/licenses/old-licenses/lgpl-2.0.html

This product contains some software licensed under the
"GNU Lesser General Public License, version 2.1" provided
with ABSOLUTELY NO WARRANTY under the terms of "GNU Lesser
General Public License, version 2.1", available here:
http://www.gnu.org/licenses/old-licenses/lgpl-2.1.html

This product contains some software licensed under the 
"GNU General Public License, version 3" provided with 
ABSOLUTELY NO WARRANTY under the terms of  
"GNU General Public License, Version 3", available here: 
http://www.gnu.org/licenses/gpl.html.

This product contains some software licensed under the
"GNU Affero General Public License, version 3" provided
with ABSOLUTELY NO WARRANTY under the terms of
"GNU Affero General Public License, version 3", available here:
http://www.gnu.org/licenses/agpl-3.0.html.

Cisco AP Software, (ap1g8), C9105, RELEASE SOFTWARE
Technical Support: http://www.cisco.com/techsupport
Copyright (c) 1986-2026 by Cisco Systems, Inc.
Compiled Tue Aug 26 13:38:12 GMT 2025

ROM: Bootstrap program is U-Boot boot loader
BOOTLDR: U-Boot boot loader Version 0x64

Ap9105 uptime is 0 days, 1 hours, 27 minutes
Last reload time   : Sat Jan 24 03:47:12 UTC 2026
Last reload reason : unknown
 
cisco C9105AXI-B ARMv7 Processor rev 5 (v7l) with 1989868/1156596K bytes of memory.
Processor board ID PSZ24151JZC
AP Running Image     : 17.12.6.28
Primary Boot Image   : 17.12.6.28
Backup Boot Image    : 8.10.162.0
Primary Boot Image Hash: 91eaa673f25e67de6bb039594ccaae766fbc4ba8e97ae7149be43389fdd6bc21910cac8b283049ef35b497e8c8d349f06773d24b554d8c5a7d4eca08d684a79e
Backup  Boot Image Hash: 11d3fce5d328fe915f39ee1c774515c315066a526c66d92456ce241296f4751da81ad11449e1b5c38c42cad630c036d71ec0662800c46fa1d69923c69a309574
1 Multigigabit Ethernet interfaces
2 802.11 Radios
1 Bluetooth Low Energy Radio (2652R1)
Radio Driver version : Broadcom BCA: 17.20 RC10.0
Radio FW version : 1570.15687.r52207 0
NSS FW version : NA

Base ethernet MAC Address            : 5C:71:0D:EC:F3:40
Part Number                          : 0-000000-00
PCA Assembly Number                  : 074-123369-01
PCA Revision Number                  : 01
PCB Serial Number                    : PSZ24151JZC
Top Assembly Part Number             : 074-123369-01
Top Assembly Serial Number           : PSZ24151JZC
Top Revision Number                  : 01
Product/Model Number                 : C9105AXI-B          




<cmd string='show flash'>
	show flash
Directory of /storage/
total 312K
-rw-r--r--    1 root     root             4 Jan 24 03:47 BOOT_COUNT
-rw-r--r--    1 root     root             4 Jan 24 03:47 BOOT_COUNT.reserve
-rw-r--r--    1 root     root             4 Feb 18 05:00 CDUMP_COUNT
-rw-r--r--    1 root     root            11 Jan 24 03:47 COOKIE_PID
-rw-r--r--    1 root     root             6 Feb 20  2025 EXPECTED_BOOT
-rw-r--r--    1 root     root            35 Feb 20  2025 IMAGE_INTEGRITY
lrwxrwxrwx    1 root     root            28 May 11  2020 PERS_CRASH_LOG -> /storage/syslogs/2.crash_log
-rw-r--r--    1 root     root            29 Jan 24 03:47 RELOADED_AT_UTC
-rw-r--r--    1 root     root            12 Jan 24 03:47 TOP_ASSEMBLY_SNUMBER
-rw-r--r--    1 root     root         62542 Mar 19  2025 after-upgrade.log
drwxr-xr-x    2 rsyncuse root           160 Jan 24 03:47 application
-rw-r--r--    1 root     root          4540 Feb 18 05:00 base_capwap_cfg_info
-rw-r--r--    1 root     root         62584 Feb 21  2025 before-upgrade.log
-rw-r--r--    1 root     root             2 Apr 16  2020 boot_debug
-rw-r--r--    1 root     root         61600 Jan 24 03:47 bootloader.log
-rw-r--r--    1 root     root             5 Jan 17 02:56 bootloader_verify.shadow
-rw-r--r--    1 root     root            18 Aug 27  2024 config
-rw-r--r--    1 root     root          7065 Feb 18 05:00 config.flex
-rw-r--r--    1 root     root             0 Feb 18 05:00 config.flex.mgroup
-rw-r--r--    1 root     root             0 Jan 24 03:47 config.local
-rw-r--r--    1 root     root             0 Jan 18 07:15 config.mesh
-rw-r--r--    1 root     root           150 Jan 24 03:47 config.mobexp
-rw-r--r--    1 root     root             0 Jan 24 03:47 config.oeap
-rw-r--r--    1 root     root             0 Feb 18 05:00 config.ranging
-rw-r--r--    1 root     root           180 Aug 27  2024 config.tls_client
-rw-r--r--    1 root     root           911 Feb 18 06:10 config.wireless
drwxr-xr-x    3 root     root           240 Aug 30  2024 cores
drwxr-xr-x    2 root     root           160 Feb 20  2025 firmware
-rw-r--r--    1 root     root             0 Feb 18 05:00 geoloc.data
-rw-r--r--    1 root     root           158 Jan 24 03:48 iot_status_ttyiot0.txt
-rw-r--r--    1 root     root           214 Feb  1 01:38 last_good_uplink_config
drwxr-xr-x    2 root     root           160 Jan  1  1970 lists
-rw-r--r--    1 root     root         13376 Jan 24 03:47 nvram_setting
-rw-r--r--    1 root     root           216 Feb 21  2025 part1_info.ver
-rw-r--r--    1 root     root           236 Jan 24 03:47 part2_info.ver
drwxr-xr-x    3 root     root           368 Aug 27  2024 pnp
-rw-r--r--    1 root     root          4096 Feb 18 05:04 random_seed
-rw-r--r--    1 root     root             3 Apr 16  2020 rxtx_mode
drwxr-xr-x    2 root     root           648 Apr 16  2020 ssh
-rw-r--r--    1 root     root            40 Oct  9  2023 stable_secret_seed
drwxr-xr-x    3 support  root           224 Apr 15  2020 support
drwxr-xr-x    2 root     root          4616 Feb 18 05:24 syslogs
-rw-r--r--    1 root     root             1 Jan 24 03:48 wips_adminstate_capwap
---------------------------------------------------------------------------
Filesystem                Size      Used Available Use% Mounted on
/dev/ubivol/part2       520.1M     60.5M    459.7M  12% /part2



<cmd string='show flash | i cnssdaemon.log'>
	show flash | i cnssdaemon.log


<cmd string='show boot'>
	show boot

--- Boot Variable Table ---
BOOT path-list:      part2
Console Baudrate:    9600
Enable Break:        yes
Manual Boot:         no
Memory Debug:        no
Crashkernel:         no
SCRUB_LIMIT:         40 (default)
Kdump Limit:         0
Kdump Collected:     0
Debug init:          0
---- Critical Applications UP timestamp ---
#This file contains EVENT, TIME(in seconds since boot)
SYSTEMD-START-ubifs_reformat_mount: [56.78]
SYSTEMD-START-mountfs: [57.48]
MOUNTFS-START: [57.60]
MOUNTFS-END: [58.46]
SYSTEMD-START-fipscheck: [58.66]
SYSTEMD-START-cisco-seed: [58.71]
SYSTEMD-START-generate_platforms: [58.76]
SYSTEMD-START-system_time_start: [58.82]
SYSTEMD-START-btldr_check: [59.47]
SYSTEMD-START-system_time_stop: [59.69]
SYSTEMD-START-pkginstall: [59.74]
SYSTEMD-START-act2check: [59.79]
SYSTEMD-START-S10boot: [59.84]
SYSTEMD-START-nolan: [68.98]
SYSTEMD-START-S15nss: [69.03]
SYSTEMD-START-act2_init: [71.51]
SYSTEMD-START-S15platform: [73.42]
SYSTEMD-START-S15kclick: [73.46]
SYSTEMD-START-pre_poe_neg: [73.51]
SYSTEMD-START-S18cisco: [81.47]
SYSTEMD-START-me-ewlc: [81.53]
SYSTEMD-START-S16mod_load: [81.58]
SYSTEMD-START-sysctl: [81.62]
SYSTEMD-START-rsyslog: [112.19]
SYSTEMD-START-S16platform: [112.28]
SYSTEMD-START-synclogd: [112.45]
SYSTEMD-START-brain: [112.72]
CAPWAP_BRAIN_START: [112.81]
CAPWAP_BRAIN_CLICK_GRAPH_INIT_BEGIN: [112.98]
SYSTEMD-START-powerd: [113.10]
CAPWAP_BRAIN_CLICK_GRAPH_INIT_END: [115.38]
CAPWAP_BRAIN_LOAD_WIRELESS_DRIVERS_MAIN_BEGIN: [115.42]
CAPWAP_BRAIN_LOAD_WIRELESS_DRIVERS_MAIN_END: [115.43]
CAPWAP_BRAIN_LOOP_START: [115.50]
CAPWAP_BRAIN_BEGIN_INIT_SETUP: [115.62]
CAPWAP_BRAIN_LOAD_WIRELESS_DRIVERS_BEGIN: [115.83]
CAPWAP_BRAIN_LOAD_WIRELESS_DRIVERS_END: [115.89]
CAPWAP_BRAIN_DONE_INIT_SETUP: [116.13]
SYSTEMD-START-klogd: [118.48]
SYSTEMD-START-printkd: [118.52]
SYSTEMD-START-ntp_proc: [119.02]
GOT IP[192.168.0.212]: [119.94]
SYSTEMD-START-sshd: [121.78]
SYSTEMD-START-wcpd: [122.56]
SYSTEMD-START-dhcpv6: [122.63]
SYSTEMD-START-capwapd: [122.98]
SYSTEMD-START-ble: [123.15]
SYSTEMD-START-system_monitor: [123.25]
SYSTEMD-START-led: [123.50]
SYSTEMD-START-image_updater: [123.67]
SYSTEMD-START-cisco-kexec: [123.83]
SYSTEMD-START-rtd: [124.62]
SYSTEMD-START-aptraced: [124.63]
SYSTEMD-START-dnsmasq: [124.65]
SYSTEMD-START-hostapd: [124.76]
SYSTEMD-START-grpc: [124.84]
SYSTEMD-START-cleanair: [124.86]
SYSTEMD-START-dhcpv6: [125.93]
SYSTEMD-START-fastcgi: [133.40]
SYSTEMD-START-dhcpv6: [153.44]
CAPWAP-STATE[Init]: [154.43]
CAPWAP-STATE[Discovery]: [154.45]
CAPWAP-STATE[Discovery]: [154.50]
CAPWAP-STATE[DTLS Setup]: [154.54]
CAPWAP-STATE[Join]: [156.53]
CAPWAP-STATE[Image Data]: [157.02]
CAPWAP-STATE[Configure]: [157.23]
CAPWAP-STATE[Run]: [158.52]
SYSTEMD-START-rsyslog: [164.49]
SYSTEMD-START-dhcpv6: [245.81]


<cmd string='show filesystems'>
	show filesystems
Filesystem                Size      Used Available Use% Mounted on
devtmpfs                969.6M      4.0K    969.6M   0% /dev
/sysroot                971.6M    132.1M    839.6M  14% /
tmpfs                     1.0M     56.0K    968.0K   5% /dev/shm
tmpfs                   971.6M         0    971.6M   0% /run
tmpfs                   971.6M         0    971.6M   0% /sys/fs/cgroup
/dev/ubivol/part1       372.1M     56.8M    315.4M  15% /part1
/dev/ubivol/part2       520.1M     60.5M    459.7M  12% /part2
none                    100.0M      2.3M     97.7M   2% /tmp
none                     10.0M         0     10.0M   0% /firmwarelog
none                      1.0M     56.0K    968.0K   5% /dev/shm


<cmd string='show image integrity'>
	show image integrity
/part1(Backup) 8.10.162.0
    part.bin : Good
    ramfs_data_cisco.cpio.lzma : Good
    iox.tar.gz : Good
/part2(primary) 17.12.6.28
    part.bin : Good
    ramfs_data_cisco.cpio.lzma : Good
    iox.tar.gz : Good

<run timestamp='2026-02-18T12:03:41.318590' device='cos_qca' hostname='C9105AXI-B' model='UNKNOWN' version='17.12.6.28' Ip='192.168.0.212' SN='PSZ24151JZC'>

<cmd string='show clock'>
	show clock
*06:33:40 UTC Wed Feb 18 2026


<cmd string='show version'>
	show version
             Restricted Rights Legend

Use, duplication, or disclosure by the Government is subject to
restrictions as set forth in subparagraph (c) of the Commercial
Computer Software - Restricted Rights clause at FAR sec. 52.227-19 and
subparagraph (c) (1) (ii) of the Rights in Technical Data and Computer
Software clause at DFARS sec. 252.227-7013.

            Cisco Systems, Inc.
            170 West Tasman Drive
            San Jose, California 95134-1706

This product contains cryptographic features and is subject to United
States and local country laws governing import, export, transfer and
use. Delivery of Cisco cryptographic products does not imply
third-party authority to import, export, distribute or use encryption.
Importers, exporters, distributors and users are responsible for
compliance with U.S. and local country laws. By using this product you
agree to comply with applicable laws and regulations. If you are unable
to comply with U.S. and local laws, return this product immediately.

A summary of U.S. laws governing Cisco cryptographic products may be found at:
http://www.cisco.com/wwl/export/crypto/tool/stqrg.html

If you require further assistance please contact us by sending email to
export@cisco.com.

This product contains some software licensed under the
"GNU General Public License, version 2" provided with
ABSOLUTELY NO WARRANTY under the terms of
"GNU General Public License, version 2", available here:
http://www.gnu.org/licenses/old-licenses/gpl-2.0.html

This product contains some software licensed under the
"GNU Library General Public License, version 2" provided
with ABSOLUTELY NO WARRANTY under the terms of "GNU Library
General Public License, version 2", available here:
http://www.gnu.org/licenses/old-licenses/lgpl-2.0.html

This product contains some software licensed under the
"GNU Lesser General Public License, version 2.1" provided
with ABSOLUTELY NO WARRANTY under the terms of "GNU Lesser
General Public License, version 2.1", available here:
http://www.gnu.org/licenses/old-licenses/lgpl-2.1.html

This product contains some software licensed under the 
"GNU General Public License, version 3" provided with 
ABSOLUTELY NO WARRANTY under the terms of  
"GNU General Public License, Version 3", available here: 
http://www.gnu.org/licenses/gpl.html.

This product contains some software licensed under the
"GNU Affero General Public License, version 3" provided
with ABSOLUTELY NO WARRANTY under the terms of
"GNU Affero General Public License, version 3", available here:
http://www.gnu.org/licenses/agpl-3.0.html.

Cisco AP Software, (ap1g8), C9105, RELEASE SOFTWARE
Technical Support: http://www.cisco.com/techsupport
Copyright (c) 1986-2026 by Cisco Systems, Inc.
Compiled Tue Aug 26 13:38:12 GMT 2025

ROM: Bootstrap program is U-Boot boot loader
BOOTLDR: U-Boot boot loader Version 0x64

Ap9105 uptime is 0 days, 1 hours, 36 minutes
Last reload time   : Sat Jan 24 03:47:12 UTC 2026
Last reload reason : unknown
 
cisco C9105AXI-B ARMv7 Processor rev 5 (v7l) with 1989868/1156208K bytes of memory.
Processor board ID PSZ24151JZC
AP Running Image     : 17.12.6.28
Primary Boot Image   : 17.12.6.28
Backup Boot Image    : 8.10.162.0
Primary Boot Image Hash: 91eaa673f25e67de6bb039594ccaae766fbc4ba8e97ae7149be43389fdd6bc21910cac8b283049ef35b497e8c8d349f06773d24b554d8c5a7d4eca08d684a79e
Backup  Boot Image Hash: 11d3fce5d328fe915f39ee1c774515c315066a526c66d92456ce241296f4751da81ad11449e1b5c38c42cad630c036d71ec0662800c46fa1d69923c69a309574
1 Multigigabit Ethernet interfaces
2 802.11 Radios
1 Bluetooth Low Energy Radio (2652R1)
Radio Driver version : Broadcom BCA: 17.20 RC10.0
Radio FW version : 1570.15687.r52207 0
NSS FW version : NA

Base ethernet MAC Address            : 5C:71:0D:EC:F3:40
Part Number                          : 0-000000-00
PCA Assembly Number                  : 074-123369-01
PCA Revision Number                  : 01
PCB Serial Number                    : PSZ24151JZC
Top Assembly Part Number             : 074-123369-01
Top Assembly Serial Number           : PSZ24151JZC
Top Revision Number                  : 01
Product/Model Number                 : C9105AXI-B          




<cmd string='show flash'>
	show flash
Directory of /storage/
total 312K
-rw-r--r--    1 root     root             4 Jan 24 03:47 BOOT_COUNT
-rw-r--r--    1 root     root             4 Jan 24 03:47 BOOT_COUNT.reserve
-rw-r--r--    1 root     root             4 Feb 18 05:00 CDUMP_COUNT
-rw-r--r--    1 root     root            11 Jan 24 03:47 COOKIE_PID
-rw-r--r--    1 root     root             6 Feb 20  2025 EXPECTED_BOOT
-rw-r--r--    1 root     root            35 Feb 20  2025 IMAGE_INTEGRITY
lrwxrwxrwx    1 root     root            28 May 11  2020 PERS_CRASH_LOG -> /storage/syslogs/2.crash_log
-rw-r--r--    1 root     root            29 Jan 24 03:47 RELOADED_AT_UTC
-rw-r--r--    1 root     root            12 Jan 24 03:47 TOP_ASSEMBLY_SNUMBER
-rw-r--r--    1 root     root         62542 Mar 19  2025 after-upgrade.log
drwxr-xr-x    2 rsyncuse root           160 Jan 24 03:47 application
-rw-r--r--    1 root     root          4540 Feb 18 05:00 base_capwap_cfg_info
-rw-r--r--    1 root     root         62584 Feb 21  2025 before-upgrade.log
-rw-r--r--    1 root     root             2 Apr 16  2020 boot_debug
-rw-r--r--    1 root     root         61600 Jan 24 03:47 bootloader.log
-rw-r--r--    1 root     root             5 Jan 17 02:56 bootloader_verify.shadow
-rw-r--r--    1 root     root            18 Aug 27  2024 config
-rw-r--r--    1 root     root          7065 Feb 18 05:00 config.flex
-rw-r--r--    1 root     root             0 Feb 18 05:00 config.flex.mgroup
-rw-r--r--    1 root     root             0 Jan 24 03:47 config.local
-rw-r--r--    1 root     root             0 Jan 18 07:15 config.mesh
-rw-r--r--    1 root     root           150 Jan 24 03:47 config.mobexp
-rw-r--r--    1 root     root             0 Jan 24 03:47 config.oeap
-rw-r--r--    1 root     root             0 Feb 18 05:00 config.ranging
-rw-r--r--    1 root     root           180 Aug 27  2024 config.tls_client
-rw-r--r--    1 root     root           911 Feb 18 06:30 config.wireless
drwxr-xr-x    3 root     root           240 Aug 30  2024 cores
drwxr-xr-x    2 root     root           160 Feb 20  2025 firmware
-rw-r--r--    1 root     root             0 Feb 18 05:00 geoloc.data
-rw-r--r--    1 root     root           158 Jan 24 03:48 iot_status_ttyiot0.txt
-rw-r--r--    1 root     root           214 Feb  1 01:38 last_good_uplink_config
drwxr-xr-x    2 root     root           160 Jan  1  1970 lists
-rw-r--r--    1 root     root         13376 Jan 24 03:47 nvram_setting
-rw-r--r--    1 root     root           216 Feb 21  2025 part1_info.ver
-rw-r--r--    1 root     root           236 Jan 24 03:47 part2_info.ver
drwxr-xr-x    3 root     root           368 Aug 27  2024 pnp
-rw-r--r--    1 root     root          4096 Feb 18 05:04 random_seed
-rw-r--r--    1 root     root             3 Apr 16  2020 rxtx_mode
drwxr-xr-x    2 root     root           648 Apr 16  2020 ssh
-rw-r--r--    1 root     root            40 Oct  9  2023 stable_secret_seed
drwxr-xr-x    3 support  root           224 Apr 15  2020 support
drwxr-xr-x    2 root     root          4616 Feb 18 05:24 syslogs
-rw-r--r--    1 root     root             1 Jan 24 03:48 wips_adminstate_capwap
---------------------------------------------------------------------------
Filesystem                Size      Used Available Use% Mounted on
/dev/ubivol/part2       520.1M     60.5M    459.7M  12% /part2



<cmd string='show flash | i cnssdaemon.log'>
	show flash | i cnssdaemon.log


<cmd string='show boot'>
	show boot

--- Boot Variable Table ---
BOOT path-list:      part2
Console Baudrate:    9600
Enable Break:        yes
Manual Boot:         no
Memory Debug:        no
Crashkernel:         no
SCRUB_LIMIT:         40 (default)
Kdump Limit:         0
Kdump Collected:     0
Debug init:          0
---- Critical Applications UP timestamp ---
#This file contains EVENT, TIME(in seconds since boot)
SYSTEMD-START-ubifs_reformat_mount: [56.78]
SYSTEMD-START-mountfs: [57.48]
MOUNTFS-START: [57.60]
MOUNTFS-END: [58.46]
SYSTEMD-START-fipscheck: [58.66]
SYSTEMD-START-cisco-seed: [58.71]
SYSTEMD-START-generate_platforms: [58.76]
SYSTEMD-START-system_time_start: [58.82]
SYSTEMD-START-btldr_check: [59.47]
SYSTEMD-START-system_time_stop: [59.69]
SYSTEMD-START-pkginstall: [59.74]
SYSTEMD-START-act2check: [59.79]
SYSTEMD-START-S10boot: [59.84]
SYSTEMD-START-nolan: [68.98]
SYSTEMD-START-S15nss: [69.03]
SYSTEMD-START-act2_init: [71.51]
SYSTEMD-START-S15platform: [73.42]
SYSTEMD-START-S15kclick: [73.46]
SYSTEMD-START-pre_poe_neg: [73.51]
SYSTEMD-START-S18cisco: [81.47]
SYSTEMD-START-me-ewlc: [81.53]
SYSTEMD-START-S16mod_load: [81.58]
SYSTEMD-START-sysctl: [81.62]
SYSTEMD-START-rsyslog: [112.19]
SYSTEMD-START-S16platform: [112.28]
SYSTEMD-START-synclogd: [112.45]
SYSTEMD-START-brain: [112.72]
CAPWAP_BRAIN_START: [112.81]
CAPWAP_BRAIN_CLICK_GRAPH_INIT_BEGIN: [112.98]
SYSTEMD-START-powerd: [113.10]
CAPWAP_BRAIN_CLICK_GRAPH_INIT_END: [115.38]
CAPWAP_BRAIN_LOAD_WIRELESS_DRIVERS_MAIN_BEGIN: [115.42]
CAPWAP_BRAIN_LOAD_WIRELESS_DRIVERS_MAIN_END: [115.43]
CAPWAP_BRAIN_LOOP_START: [115.50]
CAPWAP_BRAIN_BEGIN_INIT_SETUP: [115.62]
CAPWAP_BRAIN_LOAD_WIRELESS_DRIVERS_BEGIN: [115.83]
CAPWAP_BRAIN_LOAD_WIRELESS_DRIVERS_END: [115.89]
CAPWAP_BRAIN_DONE_INIT_SETUP: [116.13]
SYSTEMD-START-klogd: [118.48]
SYSTEMD-START-printkd: [118.52]
SYSTEMD-START-ntp_proc: [119.02]
GOT IP[192.168.0.212]: [119.94]
SYSTEMD-START-sshd: [121.78]
SYSTEMD-START-wcpd: [122.56]
SYSTEMD-START-dhcpv6: [122.63]
SYSTEMD-START-capwapd: [122.98]
SYSTEMD-START-ble: [123.15]
SYSTEMD-START-system_monitor: [123.25]
SYSTEMD-START-led: [123.50]
SYSTEMD-START-image_updater: [123.67]
SYSTEMD-START-cisco-kexec: [123.83]
SYSTEMD-START-rtd: [124.62]
SYSTEMD-START-aptraced: [124.63]
SYSTEMD-START-dnsmasq: [124.65]
SYSTEMD-START-hostapd: [124.76]
SYSTEMD-START-grpc: [124.84]
SYSTEMD-START-cleanair: [124.86]
SYSTEMD-START-dhcpv6: [125.93]
SYSTEMD-START-fastcgi: [133.40]
SYSTEMD-START-dhcpv6: [153.44]
CAPWAP-STATE[Init]: [154.43]
CAPWAP-STATE[Discovery]: [154.45]
CAPWAP-STATE[Discovery]: [154.50]
CAPWAP-STATE[DTLS Setup]: [154.54]
CAPWAP-STATE[Join]: [156.53]
CAPWAP-STATE[Image Data]: [157.02]
CAPWAP-STATE[Configure]: [157.23]
CAPWAP-STATE[Run]: [158.52]
SYSTEMD-START-rsyslog: [164.49]
SYSTEMD-START-dhcpv6: [245.81]


<cmd string='show filesystems'>
	show filesystems
Filesystem                Size      Used Available Use% Mounted on
devtmpfs                969.6M      4.0K    969.6M   0% /dev
/sysroot                971.6M    132.1M    839.6M  14% /
tmpfs                     1.0M     56.0K    968.0K   5% /dev/shm
tmpfs                   971.6M         0    971.6M   0% /run
tmpfs                   971.6M         0    971.6M   0% /sys/fs/cgroup
/dev/ubivol/part1       372.1M     56.8M    315.4M  15% /part1
/dev/ubivol/part2       520.1M     60.5M    459.7M  12% /part2
none                    100.0M      2.3M     97.7M   2% /tmp
none                     10.0M         0     10.0M   0% /firmwarelog
none                      1.0M     56.0K    968.0K   5% /dev/shm


<cmd string='show image integrity'>
	show image integrity
/part1(Backup) 8.10.162.0
    part.bin : Good
    ramfs_data_cisco.cpio.lzma : Good
    iox.tar.gz : Good
/part2(primary) 17.12.6.28
    part.bin : Good
    ramfs_data_cisco.cpio.lzma : Good
    iox.tar.gz : Good

<run timestamp='2026-02-18T12:06:31.482771' device='cos_qca' hostname='C9105AXI-B' model='UNKNOWN' version='17.12.6.28' Ip='192.168.0.212' SN='PSZ24151JZC'>

<cmd string='show clock'>
	show clock
*06:36:30 UTC Wed Feb 18 2026


<cmd string='show version'>
	show version
             Restricted Rights Legend

Use, duplication, or disclosure by the Government is subject to
restrictions as set forth in subparagraph (c) of the Commercial
Computer Software - Restricted Rights clause at FAR sec. 52.227-19 and
subparagraph (c) (1) (ii) of the Rights in Technical Data and Computer
Software clause at DFARS sec. 252.227-7013.

            Cisco Systems, Inc.
            170 West Tasman Drive
            San Jose, California 95134-1706

This product contains cryptographic features and is subject to United
States and local country laws governing import, export, transfer and
use. Delivery of Cisco cryptographic products does not imply
third-party authority to import, export, distribute or use encryption.
Importers, exporters, distributors and users are responsible for
compliance with U.S. and local country laws. By using this product you
agree to comply with applicable laws and regulations. If you are unable
to comply with U.S. and local laws, return this product immediately.

A summary of U.S. laws governing Cisco cryptographic products may be found at:
http://www.cisco.com/wwl/export/crypto/tool/stqrg.html

If you require further assistance please contact us by sending email to
export@cisco.com.

This product contains some software licensed under the
"GNU General Public License, version 2" provided with
ABSOLUTELY NO WARRANTY under the terms of
"GNU General Public License, version 2", available here:
http://www.gnu.org/licenses/old-licenses/gpl-2.0.html

This product contains some software licensed under the
"GNU Library General Public License, version 2" provided
with ABSOLUTELY NO WARRANTY under the terms of "GNU Library
General Public License, version 2", available here:
http://www.gnu.org/licenses/old-licenses/lgpl-2.0.html

This product contains some software licensed under the
"GNU Lesser General Public License, version 2.1" provided
with ABSOLUTELY NO WARRANTY under the terms of "GNU Lesser
General Public License, version 2.1", available here:
http://www.gnu.org/licenses/old-licenses/lgpl-2.1.html

This product contains some software licensed under the 
"GNU General Public License, version 3" provided with 
ABSOLUTELY NO WARRANTY under the terms of  
"GNU General Public License, Version 3", available here: 
http://www.gnu.org/licenses/gpl.html.

This product contains some software licensed under the
"GNU Affero General Public License, version 3" provided
with ABSOLUTELY NO WARRANTY under the terms of
"GNU Affero General Public License, version 3", available here:
http://www.gnu.org/licenses/agpl-3.0.html.

Cisco AP Software, (ap1g8), C9105, RELEASE SOFTWARE
Technical Support: http://www.cisco.com/techsupport
Copyright (c) 1986-2026 by Cisco Systems, Inc.
Compiled Tue Aug 26 13:38:12 GMT 2025

ROM: Bootstrap program is U-Boot boot loader
BOOTLDR: U-Boot boot loader Version 0x64

Ap9105 uptime is 0 days, 1 hours, 38 minutes
Last reload time   : Sat Jan 24 03:47:12 UTC 2026
Last reload reason : unknown
 
cisco C9105AXI-B ARMv7 Processor rev 5 (v7l) with 1989868/1156428K bytes of memory.
Processor board ID PSZ24151JZC
AP Running Image     : 17.12.6.28
Primary Boot Image   : 17.12.6.28
Backup Boot Image    : 8.10.162.0
Primary Boot Image Hash: 91eaa673f25e67de6bb039594ccaae766fbc4ba8e97ae7149be43389fdd6bc21910cac8b283049ef35b497e8c8d349f06773d24b554d8c5a7d4eca08d684a79e
Backup  Boot Image Hash: 11d3fce5d328fe915f39ee1c774515c315066a526c66d92456ce241296f4751da81ad11449e1b5c38c42cad630c036d71ec0662800c46fa1d69923c69a309574
1 Multigigabit Ethernet interfaces
2 802.11 Radios
1 Bluetooth Low Energy Radio (2652R1)
Radio Driver version : Broadcom BCA: 17.20 RC10.0
Radio FW version : 1570.15687.r52207 0
NSS FW version : NA

Base ethernet MAC Address            : 5C:71:0D:EC:F3:40
Part Number                          : 0-000000-00
PCA Assembly Number                  : 074-123369-01
PCA Revision Number                  : 01
PCB Serial Number                    : PSZ24151JZC
Top Assembly Part Number             : 074-123369-01
Top Assembly Serial Number           : PSZ24151JZC
Top Revision Number                  : 01
Product/Model Number                 : C9105AXI-B          




<cmd string='show flash'>
	show flash
Directory of /storage/
total 312K
-rw-r--r--    1 root     root             4 Jan 24 03:47 BOOT_COUNT
-rw-r--r--    1 root     root             4 Jan 24 03:47 BOOT_COUNT.reserve
-rw-r--r--    1 root     root             4 Feb 18 05:00 CDUMP_COUNT
-rw-r--r--    1 root     root            11 Jan 24 03:47 COOKIE_PID
-rw-r--r--    1 root     root             6 Feb 20  2025 EXPECTED_BOOT
-rw-r--r--    1 root     root            35 Feb 20  2025 IMAGE_INTEGRITY
lrwxrwxrwx    1 root     root            28 May 11  2020 PERS_CRASH_LOG -> /storage/syslogs/2.crash_log
-rw-r--r--    1 root     root            29 Jan 24 03:47 RELOADED_AT_UTC
-rw-r--r--    1 root     root            12 Jan 24 03:47 TOP_ASSEMBLY_SNUMBER
-rw-r--r--    1 root     root         62542 Mar 19  2025 after-upgrade.log
drwxr-xr-x    2 rsyncuse root           160 Jan 24 03:47 application
-rw-r--r--    1 root     root          4540 Feb 18 05:00 base_capwap_cfg_info
-rw-r--r--    1 root     root         62584 Feb 21  2025 before-upgrade.log
-rw-r--r--    1 root     root             2 Apr 16  2020 boot_debug
-rw-r--r--    1 root     root         61600 Jan 24 03:47 bootloader.log
-rw-r--r--    1 root     root             5 Jan 17 02:56 bootloader_verify.shadow
-rw-r--r--    1 root     root            18 Aug 27  2024 config
-rw-r--r--    1 root     root          7065 Feb 18 05:00 config.flex
-rw-r--r--    1 root     root             0 Feb 18 05:00 config.flex.mgroup
-rw-r--r--    1 root     root             0 Jan 24 03:47 config.local
-rw-r--r--    1 root     root             0 Jan 18 07:15 config.mesh
-rw-r--r--    1 root     root           150 Jan 24 03:47 config.mobexp
-rw-r--r--    1 root     root             0 Jan 24 03:47 config.oeap
-rw-r--r--    1 root     root             0 Feb 18 05:00 config.ranging
-rw-r--r--    1 root     root           180 Aug 27  2024 config.tls_client
-rw-r--r--    1 root     root           911 Feb 18 06:30 config.wireless
drwxr-xr-x    3 root     root           240 Aug 30  2024 cores
drwxr-xr-x    2 root     root           160 Feb 20  2025 firmware
-rw-r--r--    1 root     root             0 Feb 18 05:00 geoloc.data
-rw-r--r--    1 root     root           158 Jan 24 03:48 iot_status_ttyiot0.txt
-rw-r--r--    1 root     root           214 Feb  1 01:38 last_good_uplink_config
drwxr-xr-x    2 root     root           160 Jan  1  1970 lists
-rw-r--r--    1 root     root         13376 Jan 24 03:47 nvram_setting
-rw-r--r--    1 root     root           216 Feb 21  2025 part1_info.ver
-rw-r--r--    1 root     root           236 Jan 24 03:47 part2_info.ver
drwxr-xr-x    3 root     root           368 Aug 27  2024 pnp
-rw-r--r--    1 root     root          4096 Feb 18 05:04 random_seed
-rw-r--r--    1 root     root             3 Apr 16  2020 rxtx_mode
drwxr-xr-x    2 root     root           648 Apr 16  2020 ssh
-rw-r--r--    1 root     root            40 Oct  9  2023 stable_secret_seed
drwxr-xr-x    3 support  root           224 Apr 15  2020 support
drwxr-xr-x    2 root     root          4616 Feb 18 05:24 syslogs
-rw-r--r--    1 root     root             1 Jan 24 03:48 wips_adminstate_capwap
---------------------------------------------------------------------------
Filesystem                Size      Used Available Use% Mounted on
/dev/ubivol/part2       520.1M     60.5M    459.7M  12% /part2



<cmd string='show flash | i cnssdaemon.log'>
	show flash | i cnssdaemon.log


<cmd string='show boot'>
	show boot

--- Boot Variable Table ---
BOOT path-list:      part2
Console Baudrate:    9600
Enable Break:        yes
Manual Boot:         no
Memory Debug:        no
Crashkernel:         no
SCRUB_LIMIT:         40 (default)
Kdump Limit:         0
Kdump Collected:     0
Debug init:          0
---- Critical Applications UP timestamp ---
#This file contains EVENT, TIME(in seconds since boot)
SYSTEMD-START-ubifs_reformat_mount: [56.78]
SYSTEMD-START-mountfs: [57.48]
MOUNTFS-START: [57.60]
MOUNTFS-END: [58.46]
SYSTEMD-START-fipscheck: [58.66]
SYSTEMD-START-cisco-seed: [58.71]
SYSTEMD-START-generate_platforms: [58.76]
SYSTEMD-START-system_time_start: [58.82]
SYSTEMD-START-btldr_check: [59.47]
SYSTEMD-START-system_time_stop: [59.69]
SYSTEMD-START-pkginstall: [59.74]
SYSTEMD-START-act2check: [59.79]
SYSTEMD-START-S10boot: [59.84]
SYSTEMD-START-nolan: [68.98]
SYSTEMD-START-S15nss: [69.03]
SYSTEMD-START-act2_init: [71.51]
SYSTEMD-START-S15platform: [73.42]
SYSTEMD-START-S15kclick: [73.46]
SYSTEMD-START-pre_poe_neg: [73.51]
SYSTEMD-START-S18cisco: [81.47]
SYSTEMD-START-me-ewlc: [81.53]
SYSTEMD-START-S16mod_load: [81.58]
SYSTEMD-START-sysctl: [81.62]
SYSTEMD-START-rsyslog: [112.19]
SYSTEMD-START-S16platform: [112.28]
SYSTEMD-START-synclogd: [112.45]
SYSTEMD-START-brain: [112.72]
CAPWAP_BRAIN_START: [112.81]
CAPWAP_BRAIN_CLICK_GRAPH_INIT_BEGIN: [112.98]
SYSTEMD-START-powerd: [113.10]
CAPWAP_BRAIN_CLICK_GRAPH_INIT_END: [115.38]
CAPWAP_BRAIN_LOAD_WIRELESS_DRIVERS_MAIN_BEGIN: [115.42]
CAPWAP_BRAIN_LOAD_WIRELESS_DRIVERS_MAIN_END: [115.43]
CAPWAP_BRAIN_LOOP_START: [115.50]
CAPWAP_BRAIN_BEGIN_INIT_SETUP: [115.62]
CAPWAP_BRAIN_LOAD_WIRELESS_DRIVERS_BEGIN: [115.83]
CAPWAP_BRAIN_LOAD_WIRELESS_DRIVERS_END: [115.89]
CAPWAP_BRAIN_DONE_INIT_SETUP: [116.13]
SYSTEMD-START-klogd: [118.48]
SYSTEMD-START-printkd: [118.52]
SYSTEMD-START-ntp_proc: [119.02]
GOT IP[192.168.0.212]: [119.94]
SYSTEMD-START-sshd: [121.78]
SYSTEMD-START-wcpd: [122.56]
SYSTEMD-START-dhcpv6: [122.63]
SYSTEMD-START-capwapd: [122.98]
SYSTEMD-START-ble: [123.15]
SYSTEMD-START-system_monitor: [123.25]
SYSTEMD-START-led: [123.50]
SYSTEMD-START-image_updater: [123.67]
SYSTEMD-START-cisco-kexec: [123.83]
SYSTEMD-START-rtd: [124.62]
SYSTEMD-START-aptraced: [124.63]
SYSTEMD-START-dnsmasq: [124.65]
SYSTEMD-START-hostapd: [124.76]
SYSTEMD-START-grpc: [124.84]
SYSTEMD-START-cleanair: [124.86]
SYSTEMD-START-dhcpv6: [125.93]
SYSTEMD-START-fastcgi: [133.40]
SYSTEMD-START-dhcpv6: [153.44]
CAPWAP-STATE[Init]: [154.43]
CAPWAP-STATE[Discovery]: [154.45]
CAPWAP-STATE[Discovery]: [154.50]
CAPWAP-STATE[DTLS Setup]: [154.54]
CAPWAP-STATE[Join]: [156.53]
CAPWAP-STATE[Image Data]: [157.02]
CAPWAP-STATE[Configure]: [157.23]
CAPWAP-STATE[Run]: [158.52]
SYSTEMD-START-rsyslog: [164.49]
SYSTEMD-START-dhcpv6: [245.81]


<cmd string='show filesystems'>
	show filesystems
Filesystem                Size      Used Available Use% Mounted on
devtmpfs                969.6M      4.0K    969.6M   0% /dev
/sysroot                971.6M    132.1M    839.6M  14% /
tmpfs                     1.0M     56.0K    968.0K   5% /dev/shm
tmpfs                   971.6M         0    971.6M   0% /run
tmpfs                   971.6M         0    971.6M   0% /sys/fs/cgroup
/dev/ubivol/part1       372.1M     56.8M    315.4M  15% /part1
/dev/ubivol/part2       520.1M     60.5M    459.7M  12% /part2
none                    100.0M      2.3M     97.7M   2% /tmp
none                     10.0M         0     10.0M   0% /firmwarelog
none                      1.0M     56.0K    968.0K   5% /dev/shm


<cmd string='show image integrity'>
	show image integrity
/part1(Backup) 8.10.162.0
    part.bin : Good
    ramfs_data_cisco.cpio.lzma : Good
    iox.tar.gz : Good
/part2(primary) 17.12.6.28
    part.bin : Good
    ramfs_data_cisco.cpio.lzma : Good
    iox.tar.gz : Good

<run timestamp='2026-02-18T12:44:53.641142' device='cos_qca' hostname='C9105AXI-B' model='UNKNOWN' version='17.12.6.28' Ip='192.168.0.212' SN='PSZ24151JZC'>

<cmd string='show clock'>
	show clock
*07:14:52 UTC Wed Feb 18 2026


<cmd string='show version'>
	show version
             Restricted Rights Legend

Use, duplication, or disclosure by the Government is subject to
restrictions as set forth in subparagraph (c) of the Commercial
Computer Software - Restricted Rights clause at FAR sec. 52.227-19 and
subparagraph (c) (1) (ii) of the Rights in Technical Data and Computer
Software clause at DFARS sec. 252.227-7013.

            Cisco Systems, Inc.
            170 West Tasman Drive
            San Jose, California 95134-1706

This product contains cryptographic features and is subject to United
States and local country laws governing import, export, transfer and
use. Delivery of Cisco cryptographic products does not imply
third-party authority to import, export, distribute or use encryption.
Importers, exporters, distributors and users are responsible for
compliance with U.S. and local country laws. By using this product you
agree to comply with applicable laws and regulations. If you are unable
to comply with U.S. and local laws, return this product immediately.

A summary of U.S. laws governing Cisco cryptographic products may be found at:
http://www.cisco.com/wwl/export/crypto/tool/stqrg.html

If you require further assistance please contact us by sending email to
export@cisco.com.

This product contains some software licensed under the
"GNU General Public License, version 2" provided with
ABSOLUTELY NO WARRANTY under the terms of
"GNU General Public License, version 2", available here:
http://www.gnu.org/licenses/old-licenses/gpl-2.0.html

This product contains some software licensed under the
"GNU Library General Public License, version 2" provided
with ABSOLUTELY NO WARRANTY under the terms of "GNU Library
General Public License, version 2", available here:
http://www.gnu.org/licenses/old-licenses/lgpl-2.0.html

This product contains some software licensed under the
"GNU Lesser General Public License, version 2.1" provided
with ABSOLUTELY NO WARRANTY under the terms of "GNU Lesser
General Public License, version 2.1", available here:
http://www.gnu.org/licenses/old-licenses/lgpl-2.1.html

This product contains some software licensed under the 
"GNU General Public License, version 3" provided with 
ABSOLUTELY NO WARRANTY under the terms of  
"GNU General Public License, Version 3", available here: 
http://www.gnu.org/licenses/gpl.html.

This product contains some software licensed under the
"GNU Affero General Public License, version 3" provided
with ABSOLUTELY NO WARRANTY under the terms of
"GNU Affero General Public License, version 3", available here:
http://www.gnu.org/licenses/agpl-3.0.html.

Cisco AP Software, (ap1g8), C9105, RELEASE SOFTWARE
Technical Support: http://www.cisco.com/techsupport
Copyright (c) 1986-2026 by Cisco Systems, Inc.
Compiled Tue Aug 26 13:38:12 GMT 2025

ROM: Bootstrap program is U-Boot boot loader
BOOTLDR: U-Boot boot loader Version 0x64

Ap9105 uptime is 0 days, 2 hours, 17 minutes
Last reload time   : Sat Jan 24 03:47:12 UTC 2026
Last reload reason : unknown
 
cisco C9105AXI-B ARMv7 Processor rev 5 (v7l) with 1989868/1156324K bytes of memory.
Processor board ID PSZ24151JZC
AP Running Image     : 17.12.6.28
Primary Boot Image   : 17.12.6.28
Backup Boot Image    : 8.10.162.0
Primary Boot Image Hash: 91eaa673f25e67de6bb039594ccaae766fbc4ba8e97ae7149be43389fdd6bc21910cac8b283049ef35b497e8c8d349f06773d24b554d8c5a7d4eca08d684a79e
Backup  Boot Image Hash: 11d3fce5d328fe915f39ee1c774515c315066a526c66d92456ce241296f4751da81ad11449e1b5c38c42cad630c036d71ec0662800c46fa1d69923c69a309574
1 Multigigabit Ethernet interfaces
2 802.11 Radios
1 Bluetooth Low Energy Radio (2652R1)
Radio Driver version : Broadcom BCA: 17.20 RC10.0
Radio FW version : 1570.15687.r52207 0
NSS FW version : NA

Base ethernet MAC Address            : 5C:71:0D:EC:F3:40
Part Number                          : 0-000000-00
PCA Assembly Number                  : 074-123369-01
PCA Revision Number                  : 01
PCB Serial Number                    : PSZ24151JZC
Top Assembly Part Number             : 074-123369-01
Top Assembly Serial Number           : PSZ24151JZC
Top Revision Number                  : 01
Product/Model Number                 : C9105AXI-B          




<cmd string='show flash'>
	show flash
Directory of /storage/
total 312K
-rw-r--r--    1 root     root             4 Jan 24 03:47 BOOT_COUNT
-rw-r--r--    1 root     root             4 Jan 24 03:47 BOOT_COUNT.reserve
-rw-r--r--    1 root     root             4 Feb 18 05:00 CDUMP_COUNT
-rw-r--r--    1 root     root            11 Jan 24 03:47 COOKIE_PID
-rw-r--r--    1 root     root             6 Feb 20  2025 EXPECTED_BOOT
-rw-r--r--    1 root     root            35 Feb 20  2025 IMAGE_INTEGRITY
lrwxrwxrwx    1 root     root            28 May 11  2020 PERS_CRASH_LOG -> /storage/syslogs/2.crash_log
-rw-r--r--    1 root     root            29 Jan 24 03:47 RELOADED_AT_UTC
-rw-r--r--    1 root     root            12 Jan 24 03:47 TOP_ASSEMBLY_SNUMBER
-rw-r--r--    1 root     root         62542 Mar 19  2025 after-upgrade.log
drwxr-xr-x    2 rsyncuse root           160 Jan 24 03:47 application
-rw-r--r--    1 root     root          4540 Feb 18 05:00 base_capwap_cfg_info
-rw-r--r--    1 root     root         62584 Feb 21  2025 before-upgrade.log
-rw-r--r--    1 root     root             2 Apr 16  2020 boot_debug
-rw-r--r--    1 root     root         61600 Jan 24 03:47 bootloader.log
-rw-r--r--    1 root     root             5 Jan 17 02:56 bootloader_verify.shadow
-rw-r--r--    1 root     root            18 Aug 27  2024 config
-rw-r--r--    1 root     root          7065 Feb 18 05:00 config.flex
-rw-r--r--    1 root     root             0 Feb 18 05:00 config.flex.mgroup
-rw-r--r--    1 root     root             0 Jan 24 03:47 config.local
-rw-r--r--    1 root     root             0 Jan 18 07:15 config.mesh
-rw-r--r--    1 root     root           150 Jan 24 03:47 config.mobexp
-rw-r--r--    1 root     root             0 Jan 24 03:47 config.oeap
-rw-r--r--    1 root     root             0 Feb 18 05:00 config.ranging
-rw-r--r--    1 root     root           180 Aug 27  2024 config.tls_client
-rw-r--r--    1 root     root           911 Feb 18 06:30 config.wireless
drwxr-xr-x    3 root     root           240 Aug 30  2024 cores
drwxr-xr-x    2 root     root           160 Feb 20  2025 firmware
-rw-r--r--    1 root     root             0 Feb 18 05:00 geoloc.data
-rw-r--r--    1 root     root           158 Jan 24 03:48 iot_status_ttyiot0.txt
-rw-r--r--    1 root     root           214 Feb  1 01:38 last_good_uplink_config
drwxr-xr-x    2 root     root           160 Jan  1  1970 lists
-rw-r--r--    1 root     root         13376 Jan 24 03:47 nvram_setting
-rw-r--r--    1 root     root           216 Feb 21  2025 part1_info.ver
-rw-r--r--    1 root     root           236 Jan 24 03:47 part2_info.ver
drwxr-xr-x    3 root     root           368 Aug 27  2024 pnp
-rw-r--r--    1 root     root          4096 Feb 18 05:04 random_seed
-rw-r--r--    1 root     root             3 Apr 16  2020 rxtx_mode
drwxr-xr-x    2 root     root           648 Apr 16  2020 ssh
-rw-r--r--    1 root     root            40 Oct  9  2023 stable_secret_seed
drwxr-xr-x    3 support  root           224 Apr 15  2020 support
drwxr-xr-x    2 root     root          4616 Feb 18 05:24 syslogs
-rw-r--r--    1 root     root             1 Jan 24 03:48 wips_adminstate_capwap
---------------------------------------------------------------------------
Filesystem                Size      Used Available Use% Mounted on
/dev/ubivol/part2       520.1M     60.5M    459.7M  12% /part2



<cmd string='show flash | i cnssdaemon.log'>
	show flash | i cnssdaemon.log


<cmd string='show boot'>
	show boot

--- Boot Variable Table ---
BOOT path-list:      part2
Console Baudrate:    9600
Enable Break:        yes
Manual Boot:         no
Memory Debug:        no
Crashkernel:         no
SCRUB_LIMIT:         40 (default)
Kdump Limit:         0
Kdump Collected:     0
Debug init:          0
---- Critical Applications UP timestamp ---
#This file contains EVENT, TIME(in seconds since boot)
SYSTEMD-START-ubifs_reformat_mount: [56.78]
SYSTEMD-START-mountfs: [57.48]
MOUNTFS-START: [57.60]
MOUNTFS-END: [58.46]
SYSTEMD-START-fipscheck: [58.66]
SYSTEMD-START-cisco-seed: [58.71]
SYSTEMD-START-generate_platforms: [58.76]
SYSTEMD-START-system_time_start: [58.82]
SYSTEMD-START-btldr_check: [59.47]
SYSTEMD-START-system_time_stop: [59.69]
SYSTEMD-START-pkginstall: [59.74]
SYSTEMD-START-act2check: [59.79]
SYSTEMD-START-S10boot: [59.84]
SYSTEMD-START-nolan: [68.98]
SYSTEMD-START-S15nss: [69.03]
SYSTEMD-START-act2_init: [71.51]
SYSTEMD-START-S15platform: [73.42]
SYSTEMD-START-S15kclick: [73.46]
SYSTEMD-START-pre_poe_neg: [73.51]
SYSTEMD-START-S18cisco: [81.47]
SYSTEMD-START-me-ewlc: [81.53]
SYSTEMD-START-S16mod_load: [81.58]
SYSTEMD-START-sysctl: [81.62]
SYSTEMD-START-rsyslog: [112.19]
SYSTEMD-START-S16platform: [112.28]
SYSTEMD-START-synclogd: [112.45]
SYSTEMD-START-brain: [112.72]
CAPWAP_BRAIN_START: [112.81]
CAPWAP_BRAIN_CLICK_GRAPH_INIT_BEGIN: [112.98]
SYSTEMD-START-powerd: [113.10]
CAPWAP_BRAIN_CLICK_GRAPH_INIT_END: [115.38]
CAPWAP_BRAIN_LOAD_WIRELESS_DRIVERS_MAIN_BEGIN: [115.42]
CAPWAP_BRAIN_LOAD_WIRELESS_DRIVERS_MAIN_END: [115.43]
CAPWAP_BRAIN_LOOP_START: [115.50]
CAPWAP_BRAIN_BEGIN_INIT_SETUP: [115.62]
CAPWAP_BRAIN_LOAD_WIRELESS_DRIVERS_BEGIN: [115.83]
CAPWAP_BRAIN_LOAD_WIRELESS_DRIVERS_END: [115.89]
CAPWAP_BRAIN_DONE_INIT_SETUP: [116.13]
SYSTEMD-START-klogd: [118.48]
SYSTEMD-START-printkd: [118.52]
SYSTEMD-START-ntp_proc: [119.02]
GOT IP[192.168.0.212]: [119.94]
SYSTEMD-START-sshd: [121.78]
SYSTEMD-START-wcpd: [122.56]
SYSTEMD-START-dhcpv6: [122.63]
SYSTEMD-START-capwapd: [122.98]
SYSTEMD-START-ble: [123.15]
SYSTEMD-START-system_monitor: [123.25]
SYSTEMD-START-led: [123.50]
SYSTEMD-START-image_updater: [123.67]
SYSTEMD-START-cisco-kexec: [123.83]
SYSTEMD-START-rtd: [124.62]
SYSTEMD-START-aptraced: [124.63]
SYSTEMD-START-dnsmasq: [124.65]
SYSTEMD-START-hostapd: [124.76]
SYSTEMD-START-grpc: [124.84]
SYSTEMD-START-cleanair: [124.86]
SYSTEMD-START-dhcpv6: [125.93]
SYSTEMD-START-fastcgi: [133.40]
SYSTEMD-START-dhcpv6: [153.44]
CAPWAP-STATE[Init]: [154.43]
CAPWAP-STATE[Discovery]: [154.45]
CAPWAP-STATE[Discovery]: [154.50]
CAPWAP-STATE[DTLS Setup]: [154.54]
CAPWAP-STATE[Join]: [156.53]
CAPWAP-STATE[Image Data]: [157.02]
CAPWAP-STATE[Configure]: [157.23]
CAPWAP-STATE[Run]: [158.52]
SYSTEMD-START-rsyslog: [164.49]
SYSTEMD-START-dhcpv6: [245.81]


<cmd string='show filesystems'>
	show filesystems
Filesystem                Size      Used Available Use% Mounted on
devtmpfs                969.6M      4.0K    969.6M   0% /dev
/sysroot                971.6M    132.1M    839.6M  14% /
tmpfs                     1.0M     56.0K    968.0K   5% /dev/shm
tmpfs                   971.6M         0    971.6M   0% /run
tmpfs                   971.6M         0    971.6M   0% /sys/fs/cgroup
/dev/ubivol/part1       372.1M     56.8M    315.4M  15% /part1
/dev/ubivol/part2       520.1M     60.5M    459.7M  12% /part2
none                    100.0M      2.3M     97.7M   2% /tmp
none                     10.0M         0     10.0M   0% /firmwarelog
none                      1.0M     56.0K    968.0K   5% /dev/shm


<cmd string='show image integrity'>
	show image integrity
/part1(Backup) 8.10.162.0
    part.bin : Good
    ramfs_data_cisco.cpio.lzma : Good
    iox.tar.gz : Good
/part2(primary) 17.12.6.28
    part.bin : Good
    ramfs_data_cisco.cpio.lzma : Good
    iox.tar.gz : Good

<run timestamp='2026-02-18T12:47:26.524341' device='cos_qca' hostname='C9105AXI-B' model='UNKNOWN' version='17.12.6.28' Ip='192.168.0.212' SN='PSZ24151JZC'>

<cmd string='show clock'>
	show clock
*07:17:25 UTC Wed Feb 18 2026


<cmd string='show version'>
	show version
             Restricted Rights Legend

Use, duplication, or disclosure by the Government is subject to
restrictions as set forth in subparagraph (c) of the Commercial
Computer Software - Restricted Rights clause at FAR sec. 52.227-19 and
subparagraph (c) (1) (ii) of the Rights in Technical Data and Computer
Software clause at DFARS sec. 252.227-7013.

            Cisco Systems, Inc.
            170 West Tasman Drive
            San Jose, California 95134-1706

This product contains cryptographic features and is subject to United
States and local country laws governing import, export, transfer and
use. Delivery of Cisco cryptographic products does not imply
third-party authority to import, export, distribute or use encryption.
Importers, exporters, distributors and users are responsible for
compliance with U.S. and local country laws. By using this product you
agree to comply with applicable laws and regulations. If you are unable
to comply with U.S. and local laws, return this product immediately.

A summary of U.S. laws governing Cisco cryptographic products may be found at:
http://www.cisco.com/wwl/export/crypto/tool/stqrg.html

If you require further assistance please contact us by sending email to
export@cisco.com.

This product contains some software licensed under the
"GNU General Public License, version 2" provided with
ABSOLUTELY NO WARRANTY under the terms of
"GNU General Public License, version 2", available here:
http://www.gnu.org/licenses/old-licenses/gpl-2.0.html

This product contains some software licensed under the
"GNU Library General Public License, version 2" provided
with ABSOLUTELY NO WARRANTY under the terms of "GNU Library
General Public License, version 2", available here:
http://www.gnu.org/licenses/old-licenses/lgpl-2.0.html

This product contains some software licensed under the
"GNU Lesser General Public License, version 2.1" provided
with ABSOLUTELY NO WARRANTY under the terms of "GNU Lesser
General Public License, version 2.1", available here:
http://www.gnu.org/licenses/old-licenses/lgpl-2.1.html

This product contains some software licensed under the 
"GNU General Public License, version 3" provided with 
ABSOLUTELY NO WARRANTY under the terms of  
"GNU General Public License, Version 3", available here: 
http://www.gnu.org/licenses/gpl.html.

This product contains some software licensed under the
"GNU Affero General Public License, version 3" provided
with ABSOLUTELY NO WARRANTY under the terms of
"GNU Affero General Public License, version 3", available here:
http://www.gnu.org/licenses/agpl-3.0.html.

Cisco AP Software, (ap1g8), C9105, RELEASE SOFTWARE
Technical Support: http://www.cisco.com/techsupport
Copyright (c) 1986-2026 by Cisco Systems, Inc.
Compiled Tue Aug 26 13:38:12 GMT 2025

ROM: Bootstrap program is U-Boot boot loader
BOOTLDR: U-Boot boot loader Version 0x64

Ap9105 uptime is 0 days, 2 hours, 19 minutes
Last reload time   : Sat Jan 24 03:47:12 UTC 2026
Last reload reason : unknown
 
cisco C9105AXI-B ARMv7 Processor rev 5 (v7l) with 1989868/1155616K bytes of memory.
Processor board ID PSZ24151JZC
AP Running Image     : 17.12.6.28
Primary Boot Image   : 17.12.6.28
Backup Boot Image    : 8.10.162.0
Primary Boot Image Hash: 91eaa673f25e67de6bb039594ccaae766fbc4ba8e97ae7149be43389fdd6bc21910cac8b283049ef35b497e8c8d349f06773d24b554d8c5a7d4eca08d684a79e
Backup  Boot Image Hash: 11d3fce5d328fe915f39ee1c774515c315066a526c66d92456ce241296f4751da81ad11449e1b5c38c42cad630c036d71ec0662800c46fa1d69923c69a309574
1 Multigigabit Ethernet interfaces
2 802.11 Radios
1 Bluetooth Low Energy Radio (2652R1)
Radio Driver version : Broadcom BCA: 17.20 RC10.0
Radio FW version : 1570.15687.r52207 0
NSS FW version : NA

Base ethernet MAC Address            : 5C:71:0D:EC:F3:40
Part Number                          : 0-000000-00
PCA Assembly Number                  : 074-123369-01
PCA Revision Number                  : 01
PCB Serial Number                    : PSZ24151JZC
Top Assembly Part Number             : 074-123369-01
Top Assembly Serial Number           : PSZ24151JZC
Top Revision Number                  : 01
Product/Model Number                 : C9105AXI-B          




<cmd string='show flash'>
	show flash
Directory of /storage/
total 312K
-rw-r--r--    1 root     root             4 Jan 24 03:47 BOOT_COUNT
-rw-r--r--    1 root     root             4 Jan 24 03:47 BOOT_COUNT.reserve
-rw-r--r--    1 root     root             4 Feb 18 05:00 CDUMP_COUNT
-rw-r--r--    1 root     root            11 Jan 24 03:47 COOKIE_PID
-rw-r--r--    1 root     root             6 Feb 20  2025 EXPECTED_BOOT
-rw-r--r--    1 root     root            35 Feb 20  2025 IMAGE_INTEGRITY
lrwxrwxrwx    1 root     root            28 May 11  2020 PERS_CRASH_LOG -> /storage/syslogs/2.crash_log
-rw-r--r--    1 root     root            29 Jan 24 03:47 RELOADED_AT_UTC
-rw-r--r--    1 root     root            12 Jan 24 03:47 TOP_ASSEMBLY_SNUMBER
-rw-r--r--    1 root     root         62542 Mar 19  2025 after-upgrade.log
drwxr-xr-x    2 rsyncuse root           160 Jan 24 03:47 application
-rw-r--r--    1 root     root          4540 Feb 18 05:00 base_capwap_cfg_info
-rw-r--r--    1 root     root         62584 Feb 21  2025 before-upgrade.log
-rw-r--r--    1 root     root             2 Apr 16  2020 boot_debug
-rw-r--r--    1 root     root         61600 Jan 24 03:47 bootloader.log
-rw-r--r--    1 root     root             5 Jan 17 02:56 bootloader_verify.shadow
-rw-r--r--    1 root     root            18 Aug 27  2024 config
-rw-r--r--    1 root     root          7065 Feb 18 05:00 config.flex
-rw-r--r--    1 root     root             0 Feb 18 05:00 config.flex.mgroup
-rw-r--r--    1 root     root             0 Jan 24 03:47 config.local
-rw-r--r--    1 root     root             0 Jan 18 07:15 config.mesh
-rw-r--r--    1 root     root           150 Jan 24 03:47 config.mobexp
-rw-r--r--    1 root     root             0 Jan 24 03:47 config.oeap
-rw-r--r--    1 root     root             0 Feb 18 05:00 config.ranging
-rw-r--r--    1 root     root           180 Aug 27  2024 config.tls_client
-rw-r--r--    1 root     root           911 Feb 18 06:30 config.wireless
drwxr-xr-x    3 root     root           240 Aug 30  2024 cores
drwxr-xr-x    2 root     root           160 Feb 20  2025 firmware
-rw-r--r--    1 root     root             0 Feb 18 05:00 geoloc.data
-rw-r--r--    1 root     root           158 Jan 24 03:48 iot_status_ttyiot0.txt
-rw-r--r--    1 root     root           214 Feb  1 01:38 last_good_uplink_config
drwxr-xr-x    2 root     root           160 Jan  1  1970 lists
-rw-r--r--    1 root     root         13376 Jan 24 03:47 nvram_setting
-rw-r--r--    1 root     root           216 Feb 21  2025 part1_info.ver
-rw-r--r--    1 root     root           236 Jan 24 03:47 part2_info.ver
drwxr-xr-x    3 root     root           368 Aug 27  2024 pnp
-rw-r--r--    1 root     root          4096 Feb 18 05:04 random_seed
-rw-r--r--    1 root     root             3 Apr 16  2020 rxtx_mode
drwxr-xr-x    2 root     root           648 Apr 16  2020 ssh
-rw-r--r--    1 root     root            40 Oct  9  2023 stable_secret_seed
drwxr-xr-x    3 support  root           224 Apr 15  2020 support
drwxr-xr-x    2 root     root          4616 Feb 18 05:24 syslogs
-rw-r--r--    1 root     root             1 Jan 24 03:48 wips_adminstate_capwap
---------------------------------------------------------------------------
Filesystem                Size      Used Available Use% Mounted on
/dev/ubivol/part2       520.1M     60.5M    459.7M  12% /part2



<cmd string='show flash | i cnssdaemon.log'>
	show flash | i cnssdaemon.log


<cmd string='show boot'>
	show boot

--- Boot Variable Table ---
BOOT path-list:      part2
Console Baudrate:    9600
Enable Break:        yes
Manual Boot:         no
Memory Debug:        no
Crashkernel:         no
SCRUB_LIMIT:         40 (default)
Kdump Limit:         0
Kdump Collected:     0
Debug init:          0
---- Critical Applications UP timestamp ---
#This file contains EVENT, TIME(in seconds since boot)
SYSTEMD-START-ubifs_reformat_mount: [56.78]
SYSTEMD-START-mountfs: [57.48]
MOUNTFS-START: [57.60]
MOUNTFS-END: [58.46]
SYSTEMD-START-fipscheck: [58.66]
SYSTEMD-START-cisco-seed: [58.71]
SYSTEMD-START-generate_platforms: [58.76]
SYSTEMD-START-system_time_start: [58.82]
SYSTEMD-START-btldr_check: [59.47]
SYSTEMD-START-system_time_stop: [59.69]
SYSTEMD-START-pkginstall: [59.74]
SYSTEMD-START-act2check: [59.79]
SYSTEMD-START-S10boot: [59.84]
SYSTEMD-START-nolan: [68.98]
SYSTEMD-START-S15nss: [69.03]
SYSTEMD-START-act2_init: [71.51]
SYSTEMD-START-S15platform: [73.42]
SYSTEMD-START-S15kclick: [73.46]
SYSTEMD-START-pre_poe_neg: [73.51]
SYSTEMD-START-S18cisco: [81.47]
SYSTEMD-START-me-ewlc: [81.53]
SYSTEMD-START-S16mod_load: [81.58]
SYSTEMD-START-sysctl: [81.62]
SYSTEMD-START-rsyslog: [112.19]
SYSTEMD-START-S16platform: [112.28]
SYSTEMD-START-synclogd: [112.45]
SYSTEMD-START-brain: [112.72]
CAPWAP_BRAIN_START: [112.81]
CAPWAP_BRAIN_CLICK_GRAPH_INIT_BEGIN: [112.98]
SYSTEMD-START-powerd: [113.10]
CAPWAP_BRAIN_CLICK_GRAPH_INIT_END: [115.38]
CAPWAP_BRAIN_LOAD_WIRELESS_DRIVERS_MAIN_BEGIN: [115.42]
CAPWAP_BRAIN_LOAD_WIRELESS_DRIVERS_MAIN_END: [115.43]
CAPWAP_BRAIN_LOOP_START: [115.50]
CAPWAP_BRAIN_BEGIN_INIT_SETUP: [115.62]
CAPWAP_BRAIN_LOAD_WIRELESS_DRIVERS_BEGIN: [115.83]
CAPWAP_BRAIN_LOAD_WIRELESS_DRIVERS_END: [115.89]
CAPWAP_BRAIN_DONE_INIT_SETUP: [116.13]
SYSTEMD-START-klogd: [118.48]
SYSTEMD-START-printkd: [118.52]
SYSTEMD-START-ntp_proc: [119.02]
GOT IP[192.168.0.212]: [119.94]
SYSTEMD-START-sshd: [121.78]
SYSTEMD-START-wcpd: [122.56]
SYSTEMD-START-dhcpv6: [122.63]
SYSTEMD-START-capwapd: [122.98]
SYSTEMD-START-ble: [123.15]
SYSTEMD-START-system_monitor: [123.25]
SYSTEMD-START-led: [123.50]
SYSTEMD-START-image_updater: [123.67]
SYSTEMD-START-cisco-kexec: [123.83]
SYSTEMD-START-rtd: [124.62]
SYSTEMD-START-aptraced: [124.63]
SYSTEMD-START-dnsmasq: [124.65]
SYSTEMD-START-hostapd: [124.76]
SYSTEMD-START-grpc: [124.84]
SYSTEMD-START-cleanair: [124.86]
SYSTEMD-START-dhcpv6: [125.93]
SYSTEMD-START-fastcgi: [133.40]
SYSTEMD-START-dhcpv6: [153.44]
CAPWAP-STATE[Init]: [154.43]
CAPWAP-STATE[Discovery]: [154.45]
CAPWAP-STATE[Discovery]: [154.50]
CAPWAP-STATE[DTLS Setup]: [154.54]
CAPWAP-STATE[Join]: [156.53]
CAPWAP-STATE[Image Data]: [157.02]
CAPWAP-STATE[Configure]: [157.23]
CAPWAP-STATE[Run]: [158.52]
SYSTEMD-START-rsyslog: [164.49]
SYSTEMD-START-dhcpv6: [245.81]


<cmd string='show filesystems'>
	show filesystems
Filesystem                Size      Used Available Use% Mounted on
devtmpfs                969.6M      4.0K    969.6M   0% /dev
/sysroot                971.6M    132.1M    839.6M  14% /
tmpfs                     1.0M     56.0K    968.0K   5% /dev/shm
tmpfs                   971.6M         0    971.6M   0% /run
tmpfs                   971.6M         0    971.6M   0% /sys/fs/cgroup
/dev/ubivol/part1       372.1M     56.8M    315.4M  15% /part1
/dev/ubivol/part2       520.1M     60.5M    459.7M  12% /part2
none                    100.0M      2.3M     97.7M   2% /tmp
none                     10.0M         0     10.0M   0% /firmwarelog
none                      1.0M     56.0K    968.0K   5% /dev/shm


<cmd string='show image integrity'>
	show image integrity
/part1(Backup) 8.10.162.0
    part.bin : Good
    ramfs_data_cisco.cpio.lzma : Good
    iox.tar.gz : Good
/part2(primary) 17.12.6.28
    part.bin : Good
    ramfs_data_cisco.cpio.lzma : Good
    iox.tar.gz : Good

<run timestamp='2026-02-18T13:09:28.164846' device='cos_qca' hostname='C9105AXI-B' model='UNKNOWN' version='17.12.6.28' Ip='192.168.0.212' SN='PSZ24151JZC'>

<cmd string='show clock'>
	show clock
*07:39:27 UTC Wed Feb 18 2026


<cmd string='show version'>
	show version
             Restricted Rights Legend

Use, duplication, or disclosure by the Government is subject to
restrictions as set forth in subparagraph (c) of the Commercial
Computer Software - Restricted Rights clause at FAR sec. 52.227-19 and
subparagraph (c) (1) (ii) of the Rights in Technical Data and Computer
Software clause at DFARS sec. 252.227-7013.

            Cisco Systems, Inc.
            170 West Tasman Drive
            San Jose, California 95134-1706

This product contains cryptographic features and is subject to United
States and local country laws governing import, export, transfer and
use. Delivery of Cisco cryptographic products does not imply
third-party authority to import, export, distribute or use encryption.
Importers, exporters, distributors and users are responsible for
compliance with U.S. and local country laws. By using this product you
agree to comply with applicable laws and regulations. If you are unable
to comply with U.S. and local laws, return this product immediately.

A summary of U.S. laws governing Cisco cryptographic products may be found at:
http://www.cisco.com/wwl/export/crypto/tool/stqrg.html

If you require further assistance please contact us by sending email to
export@cisco.com.

This product contains some software licensed under the
"GNU General Public License, version 2" provided with
ABSOLUTELY NO WARRANTY under the terms of
"GNU General Public License, version 2", available here:
http://www.gnu.org/licenses/old-licenses/gpl-2.0.html

This product contains some software licensed under the
"GNU Library General Public License, version 2" provided
with ABSOLUTELY NO WARRANTY under the terms of "GNU Library
General Public License, version 2", available here:
http://www.gnu.org/licenses/old-licenses/lgpl-2.0.html

This product contains some software licensed under the
"GNU Lesser General Public License, version 2.1" provided
with ABSOLUTELY NO WARRANTY under the terms of "GNU Lesser
General Public License, version 2.1", available here:
http://www.gnu.org/licenses/old-licenses/lgpl-2.1.html

This product contains some software licensed under the 
"GNU General Public License, version 3" provided with 
ABSOLUTELY NO WARRANTY under the terms of  
"GNU General Public License, Version 3", available here: 
http://www.gnu.org/licenses/gpl.html.

This product contains some software licensed under the
"GNU Affero General Public License, version 3" provided
with ABSOLUTELY NO WARRANTY under the terms of
"GNU Affero General Public License, version 3", available here:
http://www.gnu.org/licenses/agpl-3.0.html.

Cisco AP Software, (ap1g8), C9105, RELEASE SOFTWARE
Technical Support: http://www.cisco.com/techsupport
Copyright (c) 1986-2026 by Cisco Systems, Inc.
Compiled Tue Aug 26 13:38:12 GMT 2025

ROM: Bootstrap program is U-Boot boot loader
BOOTLDR: U-Boot boot loader Version 0x64

Ap9105 uptime is 0 days, 2 hours, 41 minutes
Last reload time   : Sat Jan 24 03:47:12 UTC 2026
Last reload reason : unknown
 
cisco C9105AXI-B ARMv7 Processor rev 5 (v7l) with 1989868/1156024K bytes of memory.
Processor board ID PSZ24151JZC
AP Running Image     : 17.12.6.28
Primary Boot Image   : 17.12.6.28
Backup Boot Image    : 8.10.162.0
Primary Boot Image Hash: 91eaa673f25e67de6bb039594ccaae766fbc4ba8e97ae7149be43389fdd6bc21910cac8b283049ef35b497e8c8d349f06773d24b554d8c5a7d4eca08d684a79e
Backup  Boot Image Hash: 11d3fce5d328fe915f39ee1c774515c315066a526c66d92456ce241296f4751da81ad11449e1b5c38c42cad630c036d71ec0662800c46fa1d69923c69a309574
1 Multigigabit Ethernet interfaces
2 802.11 Radios
1 Bluetooth Low Energy Radio (2652R1)
Radio Driver version : Broadcom BCA: 17.20 RC10.0
Radio FW version : 1570.15687.r52207 0
NSS FW version : NA

Base ethernet MAC Address            : 5C:71:0D:EC:F3:40
Part Number                          : 0-000000-00
PCA Assembly Number                  : 074-123369-01
PCA Revision Number                  : 01
PCB Serial Number                    : PSZ24151JZC
Top Assembly Part Number             : 074-123369-01
Top Assembly Serial Number           : PSZ24151JZC
Top Revision Number                  : 01
Product/Model Number                 : C9105AXI-B          




<cmd string='show flash'>
	show flash
Directory of /storage/
total 312K
-rw-r--r--    1 root     root             4 Jan 24 03:47 BOOT_COUNT
-rw-r--r--    1 root     root             4 Jan 24 03:47 BOOT_COUNT.reserve
-rw-r--r--    1 root     root             4 Feb 18 05:00 CDUMP_COUNT
-rw-r--r--    1 root     root            11 Jan 24 03:47 COOKIE_PID
-rw-r--r--    1 root     root             6 Feb 20  2025 EXPECTED_BOOT
-rw-r--r--    1 root     root            35 Feb 20  2025 IMAGE_INTEGRITY
lrwxrwxrwx    1 root     root            28 May 11  2020 PERS_CRASH_LOG -> /storage/syslogs/2.crash_log
-rw-r--r--    1 root     root            29 Jan 24 03:47 RELOADED_AT_UTC
-rw-r--r--    1 root     root            12 Jan 24 03:47 TOP_ASSEMBLY_SNUMBER
-rw-r--r--    1 root     root         62542 Mar 19  2025 after-upgrade.log
drwxr-xr-x    2 rsyncuse root           160 Jan 24 03:47 application
-rw-r--r--    1 root     root          4540 Feb 18 05:00 base_capwap_cfg_info
-rw-r--r--    1 root     root         62584 Feb 21  2025 before-upgrade.log
-rw-r--r--    1 root     root             2 Apr 16  2020 boot_debug
-rw-r--r--    1 root     root         61600 Jan 24 03:47 bootloader.log
-rw-r--r--    1 root     root             5 Jan 17 02:56 bootloader_verify.shadow
-rw-r--r--    1 root     root            18 Aug 27  2024 config
-rw-r--r--    1 root     root          7065 Feb 18 05:00 config.flex
-rw-r--r--    1 root     root             0 Feb 18 05:00 config.flex.mgroup
-rw-r--r--    1 root     root             0 Jan 24 03:47 config.local
-rw-r--r--    1 root     root             0 Jan 18 07:15 config.mesh
-rw-r--r--    1 root     root           150 Jan 24 03:47 config.mobexp
-rw-r--r--    1 root     root             0 Jan 24 03:47 config.oeap
-rw-r--r--    1 root     root             0 Feb 18 05:00 config.ranging
-rw-r--r--    1 root     root           180 Aug 27  2024 config.tls_client
-rw-r--r--    1 root     root           911 Feb 18 06:30 config.wireless
drwxr-xr-x    3 root     root           240 Aug 30  2024 cores
drwxr-xr-x    2 root     root           160 Feb 20  2025 firmware
-rw-r--r--    1 root     root             0 Feb 18 05:00 geoloc.data
-rw-r--r--    1 root     root           158 Jan 24 03:48 iot_status_ttyiot0.txt
-rw-r--r--    1 root     root           214 Feb  1 01:38 last_good_uplink_config
drwxr-xr-x    2 root     root           160 Jan  1  1970 lists
-rw-r--r--    1 root     root         13376 Jan 24 03:47 nvram_setting
-rw-r--r--    1 root     root           216 Feb 21  2025 part1_info.ver
-rw-r--r--    1 root     root           236 Jan 24 03:47 part2_info.ver
drwxr-xr-x    3 root     root           368 Aug 27  2024 pnp
-rw-r--r--    1 root     root          4096 Feb 18 05:04 random_seed
-rw-r--r--    1 root     root             3 Apr 16  2020 rxtx_mode
drwxr-xr-x    2 root     root           648 Apr 16  2020 ssh
-rw-r--r--    1 root     root            40 Oct  9  2023 stable_secret_seed
drwxr-xr-x    3 support  root           224 Apr 15  2020 support
drwxr-xr-x    2 root     root          4616 Feb 18 05:24 syslogs
-rw-r--r--    1 root     root             1 Jan 24 03:48 wips_adminstate_capwap
---------------------------------------------------------------------------
Filesystem                Size      Used Available Use% Mounted on
/dev/ubivol/part2       520.1M     60.5M    459.7M  12% /part2



<cmd string='show flash | i cnssdaemon.log'>
	show flash | i cnssdaemon.log


<cmd string='show boot'>
	show boot

--- Boot Variable Table ---
BOOT path-list:      part2
Console Baudrate:    9600
Enable Break:        yes
Manual Boot:         no
Memory Debug:        no
Crashkernel:         no
SCRUB_LIMIT:         40 (default)
Kdump Limit:         0
Kdump Collected:     0
Debug init:          0
---- Critical Applications UP timestamp ---
#This file contains EVENT, TIME(in seconds since boot)
SYSTEMD-START-ubifs_reformat_mount: [56.78]
SYSTEMD-START-mountfs: [57.48]
MOUNTFS-START: [57.60]
MOUNTFS-END: [58.46]
SYSTEMD-START-fipscheck: [58.66]
SYSTEMD-START-cisco-seed: [58.71]
SYSTEMD-START-generate_platforms: [58.76]
SYSTEMD-START-system_time_start: [58.82]
SYSTEMD-START-btldr_check: [59.47]
SYSTEMD-START-system_time_stop: [59.69]
SYSTEMD-START-pkginstall: [59.74]
SYSTEMD-START-act2check: [59.79]
SYSTEMD-START-S10boot: [59.84]
SYSTEMD-START-nolan: [68.98]
SYSTEMD-START-S15nss: [69.03]
SYSTEMD-START-act2_init: [71.51]
SYSTEMD-START-S15platform: [73.42]
SYSTEMD-START-S15kclick: [73.46]
SYSTEMD-START-pre_poe_neg: [73.51]
SYSTEMD-START-S18cisco: [81.47]
SYSTEMD-START-me-ewlc: [81.53]
SYSTEMD-START-S16mod_load: [81.58]
SYSTEMD-START-sysctl: [81.62]
SYSTEMD-START-rsyslog: [112.19]
SYSTEMD-START-S16platform: [112.28]
SYSTEMD-START-synclogd: [112.45]
SYSTEMD-START-brain: [112.72]
CAPWAP_BRAIN_START: [112.81]
CAPWAP_BRAIN_CLICK_GRAPH_INIT_BEGIN: [112.98]
SYSTEMD-START-powerd: [113.10]
CAPWAP_BRAIN_CLICK_GRAPH_INIT_END: [115.38]
CAPWAP_BRAIN_LOAD_WIRELESS_DRIVERS_MAIN_BEGIN: [115.42]
CAPWAP_BRAIN_LOAD_WIRELESS_DRIVERS_MAIN_END: [115.43]
CAPWAP_BRAIN_LOOP_START: [115.50]
CAPWAP_BRAIN_BEGIN_INIT_SETUP: [115.62]
CAPWAP_BRAIN_LOAD_WIRELESS_DRIVERS_BEGIN: [115.83]
CAPWAP_BRAIN_LOAD_WIRELESS_DRIVERS_END: [115.89]
CAPWAP_BRAIN_DONE_INIT_SETUP: [116.13]
SYSTEMD-START-klogd: [118.48]
SYSTEMD-START-printkd: [118.52]
SYSTEMD-START-ntp_proc: [119.02]
GOT IP[192.168.0.212]: [119.94]
SYSTEMD-START-sshd: [121.78]
SYSTEMD-START-wcpd: [122.56]
SYSTEMD-START-dhcpv6: [122.63]
SYSTEMD-START-capwapd: [122.98]
SYSTEMD-START-ble: [123.15]
SYSTEMD-START-system_monitor: [123.25]
SYSTEMD-START-led: [123.50]
SYSTEMD-START-image_updater: [123.67]
SYSTEMD-START-cisco-kexec: [123.83]
SYSTEMD-START-rtd: [124.62]
SYSTEMD-START-aptraced: [124.63]
SYSTEMD-START-dnsmasq: [124.65]
SYSTEMD-START-hostapd: [124.76]
SYSTEMD-START-grpc: [124.84]
SYSTEMD-START-cleanair: [124.86]
SYSTEMD-START-dhcpv6: [125.93]
SYSTEMD-START-fastcgi: [133.40]
SYSTEMD-START-dhcpv6: [153.44]
CAPWAP-STATE[Init]: [154.43]
CAPWAP-STATE[Discovery]: [154.45]
CAPWAP-STATE[Discovery]: [154.50]
CAPWAP-STATE[DTLS Setup]: [154.54]
CAPWAP-STATE[Join]: [156.53]
CAPWAP-STATE[Image Data]: [157.02]
CAPWAP-STATE[Configure]: [157.23]
CAPWAP-STATE[Run]: [158.52]
SYSTEMD-START-rsyslog: [164.49]
SYSTEMD-START-dhcpv6: [245.81]


<cmd string='show filesystems'>
	show filesystems
Filesystem                Size      Used Available Use% Mounted on
devtmpfs                969.6M      4.0K    969.6M   0% /dev
/sysroot                971.6M    132.1M    839.6M  14% /
tmpfs                     1.0M     56.0K    968.0K   5% /dev/shm
tmpfs                   971.6M         0    971.6M   0% /run
tmpfs                   971.6M         0    971.6M   0% /sys/fs/cgroup
/dev/ubivol/part1       372.1M     56.8M    315.4M  15% /part1
/dev/ubivol/part2       520.1M     60.5M    459.7M  12% /part2
none                    100.0M      2.3M     97.7M   2% /tmp
none                     10.0M         0     10.0M   0% /firmwarelog
none                      1.0M     56.0K    968.0K   5% /dev/shm


<cmd string='show image integrity'>
	show image integrity
/part1(Backup) 8.10.162.0
    part.bin : Good
    ramfs_data_cisco.cpio.lzma : Good
    iox.tar.gz : Good
/part2(primary) 17.12.6.28
    part.bin : Good
    ramfs_data_cisco.cpio.lzma : Good
    iox.tar.gz : Good

<run timestamp='2026-02-18T13:23:12.309047' device='cos_qca' hostname='C9105AXI-B' model='C9105AXI-B' version='17.12.6.28' Ip='192.168.0.212' SN='PSZ24151JZC'>

<cmd string='show clock'>
	show clock
*07:53:10 UTC Wed Feb 18 2026


<cmd string='show version'>
	show version
             Restricted Rights Legend

Use, duplication, or disclosure by the Government is subject to
restrictions as set forth in subparagraph (c) of the Commercial
Computer Software - Restricted Rights clause at FAR sec. 52.227-19 and
subparagraph (c) (1) (ii) of the Rights in Technical Data and Computer
Software clause at DFARS sec. 252.227-7013.

            Cisco Systems, Inc.
            170 West Tasman Drive
            San Jose, California 95134-1706

This product contains cryptographic features and is subject to United
States and local country laws governing import, export, transfer and
use. Delivery of Cisco cryptographic products does not imply
third-party authority to import, export, distribute or use encryption.
Importers, exporters, distributors and users are responsible for
compliance with U.S. and local country laws. By using this product you
agree to comply with applicable laws and regulations. If you are unable
to comply with U.S. and local laws, return this product immediately.

A summary of U.S. laws governing Cisco cryptographic products may be found at:
http://www.cisco.com/wwl/export/crypto/tool/stqrg.html

If you require further assistance please contact us by sending email to
export@cisco.com.

This product contains some software licensed under the
"GNU General Public License, version 2" provided with
ABSOLUTELY NO WARRANTY under the terms of
"GNU General Public License, version 2", available here:
http://www.gnu.org/licenses/old-licenses/gpl-2.0.html

This product contains some software licensed under the
"GNU Library General Public License, version 2" provided
with ABSOLUTELY NO WARRANTY under the terms of "GNU Library
General Public License, version 2", available here:
http://www.gnu.org/licenses/old-licenses/lgpl-2.0.html

This product contains some software licensed under the
"GNU Lesser General Public License, version 2.1" provided
with ABSOLUTELY NO WARRANTY under the terms of "GNU Lesser
General Public License, version 2.1", available here:
http://www.gnu.org/licenses/old-licenses/lgpl-2.1.html

This product contains some software licensed under the 
"GNU General Public License, version 3" provided with 
ABSOLUTELY NO WARRANTY under the terms of  
"GNU General Public License, Version 3", available here: 
http://www.gnu.org/licenses/gpl.html.

This product contains some software licensed under the
"GNU Affero General Public License, version 3" provided
with ABSOLUTELY NO WARRANTY under the terms of
"GNU Affero General Public License, version 3", available here:
http://www.gnu.org/licenses/agpl-3.0.html.

Cisco AP Software, (ap1g8), C9105, RELEASE SOFTWARE
Technical Support: http://www.cisco.com/techsupport
Copyright (c) 1986-2026 by Cisco Systems, Inc.
Compiled Tue Aug 26 13:38:12 GMT 2025

ROM: Bootstrap program is U-Boot boot loader
BOOTLDR: U-Boot boot loader Version 0x64

Ap9105 uptime is 0 days, 2 hours, 55 minutes
Last reload time   : Sat Jan 24 03:47:12 UTC 2026
Last reload reason : unknown
 
cisco C9105AXI-B ARMv7 Processor rev 5 (v7l) with 1989868/1156272K bytes of memory.
Processor board ID PSZ24151JZC
AP Running Image     : 17.12.6.28
Primary Boot Image   : 17.12.6.28
Backup Boot Image    : 8.10.162.0
Primary Boot Image Hash: 91eaa673f25e67de6bb039594ccaae766fbc4ba8e97ae7149be43389fdd6bc21910cac8b283049ef35b497e8c8d349f06773d24b554d8c5a7d4eca08d684a79e
Backup  Boot Image Hash: 11d3fce5d328fe915f39ee1c774515c315066a526c66d92456ce241296f4751da81ad11449e1b5c38c42cad630c036d71ec0662800c46fa1d69923c69a309574
1 Multigigabit Ethernet interfaces
2 802.11 Radios
1 Bluetooth Low Energy Radio (2652R1)
Radio Driver version : Broadcom BCA: 17.20 RC10.0
Radio FW version : 1570.15687.r52207 0
NSS FW version : NA

Base ethernet MAC Address            : 5C:71:0D:EC:F3:40
Part Number                          : 0-000000-00
PCA Assembly Number                  : 074-123369-01
PCA Revision Number                  : 01
PCB Serial Number                    : PSZ24151JZC
Top Assembly Part Number             : 074-123369-01
Top Assembly Serial Number           : PSZ24151JZC
Top Revision Number                  : 01
Product/Model Number                 : C9105AXI-B          




<cmd string='show flash'>
	show flash
Directory of /storage/
total 312K
-rw-r--r--    1 root     root             4 Jan 24 03:47 BOOT_COUNT
-rw-r--r--    1 root     root             4 Jan 24 03:47 BOOT_COUNT.reserve
-rw-r--r--    1 root     root             4 Feb 18 05:00 CDUMP_COUNT
-rw-r--r--    1 root     root            11 Jan 24 03:47 COOKIE_PID
-rw-r--r--    1 root     root             6 Feb 20  2025 EXPECTED_BOOT
-rw-r--r--    1 root     root            35 Feb 20  2025 IMAGE_INTEGRITY
lrwxrwxrwx    1 root     root            28 May 11  2020 PERS_CRASH_LOG -> /storage/syslogs/2.crash_log
-rw-r--r--    1 root     root            29 Jan 24 03:47 RELOADED_AT_UTC
-rw-r--r--    1 root     root            12 Jan 24 03:47 TOP_ASSEMBLY_SNUMBER
-rw-r--r--    1 root     root         62542 Mar 19  2025 after-upgrade.log
drwxr-xr-x    2 rsyncuse root           160 Jan 24 03:47 application
-rw-r--r--    1 root     root          4540 Feb 18 05:00 base_capwap_cfg_info
-rw-r--r--    1 root     root         62584 Feb 21  2025 before-upgrade.log
-rw-r--r--    1 root     root             2 Apr 16  2020 boot_debug
-rw-r--r--    1 root     root         61600 Jan 24 03:47 bootloader.log
-rw-r--r--    1 root     root             5 Jan 17 02:56 bootloader_verify.shadow
-rw-r--r--    1 root     root            18 Aug 27  2024 config
-rw-r--r--    1 root     root          7065 Feb 18 05:00 config.flex
-rw-r--r--    1 root     root             0 Feb 18 05:00 config.flex.mgroup
-rw-r--r--    1 root     root             0 Jan 24 03:47 config.local
-rw-r--r--    1 root     root             0 Jan 18 07:15 config.mesh
-rw-r--r--    1 root     root           150 Jan 24 03:47 config.mobexp
-rw-r--r--    1 root     root             0 Jan 24 03:47 config.oeap
-rw-r--r--    1 root     root             0 Feb 18 05:00 config.ranging
-rw-r--r--    1 root     root           180 Aug 27  2024 config.tls_client
-rw-r--r--    1 root     root           911 Feb 18 06:30 config.wireless
drwxr-xr-x    3 root     root           240 Aug 30  2024 cores
drwxr-xr-x    2 root     root           160 Feb 20  2025 firmware
-rw-r--r--    1 root     root             0 Feb 18 05:00 geoloc.data
-rw-r--r--    1 root     root           158 Jan 24 03:48 iot_status_ttyiot0.txt
-rw-r--r--    1 root     root           214 Feb  1 01:38 last_good_uplink_config
drwxr-xr-x    2 root     root           160 Jan  1  1970 lists
-rw-r--r--    1 root     root         13376 Jan 24 03:47 nvram_setting
-rw-r--r--    1 root     root           216 Feb 21  2025 part1_info.ver
-rw-r--r--    1 root     root           236 Jan 24 03:47 part2_info.ver
drwxr-xr-x    3 root     root           368 Aug 27  2024 pnp
-rw-r--r--    1 root     root          4096 Feb 18 05:04 random_seed
-rw-r--r--    1 root     root             3 Apr 16  2020 rxtx_mode
drwxr-xr-x    2 root     root           648 Apr 16  2020 ssh
-rw-r--r--    1 root     root            40 Oct  9  2023 stable_secret_seed
drwxr-xr-x    3 support  root           224 Apr 15  2020 support
drwxr-xr-x    2 root     root          4616 Feb 18 05:24 syslogs
-rw-r--r--    1 root     root             1 Jan 24 03:48 wips_adminstate_capwap
---------------------------------------------------------------------------
Filesystem                Size      Used Available Use% Mounted on
/dev/ubivol/part2       520.1M     60.5M    459.7M  12% /part2



<cmd string='show flash | i cnssdaemon.log'>
	show flash | i cnssdaemon.log


<cmd string='show boot'>
	show boot

--- Boot Variable Table ---
BOOT path-list:      part2
Console Baudrate:    9600
Enable Break:        yes
Manual Boot:         no
Memory Debug:        no
Crashkernel:         no
SCRUB_LIMIT:         40 (default)
Kdump Limit:         0
Kdump Collected:     0
Debug init:          0
---- Critical Applications UP timestamp ---
#This file contains EVENT, TIME(in seconds since boot)
SYSTEMD-START-ubifs_reformat_mount: [56.78]
SYSTEMD-START-mountfs: [57.48]
MOUNTFS-START: [57.60]
MOUNTFS-END: [58.46]
SYSTEMD-START-fipscheck: [58.66]
SYSTEMD-START-cisco-seed: [58.71]
SYSTEMD-START-generate_platforms: [58.76]
SYSTEMD-START-system_time_start: [58.82]
SYSTEMD-START-btldr_check: [59.47]
SYSTEMD-START-system_time_stop: [59.69]
SYSTEMD-START-pkginstall: [59.74]
SYSTEMD-START-act2check: [59.79]
SYSTEMD-START-S10boot: [59.84]
SYSTEMD-START-nolan: [68.98]
SYSTEMD-START-S15nss: [69.03]
SYSTEMD-START-act2_init: [71.51]
SYSTEMD-START-S15platform: [73.42]
SYSTEMD-START-S15kclick: [73.46]
SYSTEMD-START-pre_poe_neg: [73.51]
SYSTEMD-START-S18cisco: [81.47]
SYSTEMD-START-me-ewlc: [81.53]
SYSTEMD-START-S16mod_load: [81.58]
SYSTEMD-START-sysctl: [81.62]
SYSTEMD-START-rsyslog: [112.19]
SYSTEMD-START-S16platform: [112.28]
SYSTEMD-START-synclogd: [112.45]
SYSTEMD-START-brain: [112.72]
CAPWAP_BRAIN_START: [112.81]
CAPWAP_BRAIN_CLICK_GRAPH_INIT_BEGIN: [112.98]
SYSTEMD-START-powerd: [113.10]
CAPWAP_BRAIN_CLICK_GRAPH_INIT_END: [115.38]
CAPWAP_BRAIN_LOAD_WIRELESS_DRIVERS_MAIN_BEGIN: [115.42]
CAPWAP_BRAIN_LOAD_WIRELESS_DRIVERS_MAIN_END: [115.43]
CAPWAP_BRAIN_LOOP_START: [115.50]
CAPWAP_BRAIN_BEGIN_INIT_SETUP: [115.62]
CAPWAP_BRAIN_LOAD_WIRELESS_DRIVERS_BEGIN: [115.83]
CAPWAP_BRAIN_LOAD_WIRELESS_DRIVERS_END: [115.89]
CAPWAP_BRAIN_DONE_INIT_SETUP: [116.13]
SYSTEMD-START-klogd: [118.48]
SYSTEMD-START-printkd: [118.52]
SYSTEMD-START-ntp_proc: [119.02]
GOT IP[192.168.0.212]: [119.94]
SYSTEMD-START-sshd: [121.78]
SYSTEMD-START-wcpd: [122.56]
SYSTEMD-START-dhcpv6: [122.63]
SYSTEMD-START-capwapd: [122.98]
SYSTEMD-START-ble: [123.15]
SYSTEMD-START-system_monitor: [123.25]
SYSTEMD-START-led: [123.50]
SYSTEMD-START-image_updater: [123.67]
SYSTEMD-START-cisco-kexec: [123.83]
SYSTEMD-START-rtd: [124.62]
SYSTEMD-START-aptraced: [124.63]
SYSTEMD-START-dnsmasq: [124.65]
SYSTEMD-START-hostapd: [124.76]
SYSTEMD-START-grpc: [124.84]
SYSTEMD-START-cleanair: [124.86]
SYSTEMD-START-dhcpv6: [125.93]
SYSTEMD-START-fastcgi: [133.40]
SYSTEMD-START-dhcpv6: [153.44]
CAPWAP-STATE[Init]: [154.43]
CAPWAP-STATE[Discovery]: [154.45]
CAPWAP-STATE[Discovery]: [154.50]
CAPWAP-STATE[DTLS Setup]: [154.54]
CAPWAP-STATE[Join]: [156.53]
CAPWAP-STATE[Image Data]: [157.02]
CAPWAP-STATE[Configure]: [157.23]
CAPWAP-STATE[Run]: [158.52]
SYSTEMD-START-rsyslog: [164.49]
SYSTEMD-START-dhcpv6: [245.81]


<cmd string='show filesystems'>
	show filesystems
Filesystem                Size      Used Available Use% Mounted on
devtmpfs                969.6M      4.0K    969.6M   0% /dev
/sysroot                971.6M    132.1M    839.6M  14% /
tmpfs                     1.0M     56.0K    968.0K   5% /dev/shm
tmpfs                   971.6M         0    971.6M   0% /run
tmpfs                   971.6M         0    971.6M   0% /sys/fs/cgroup
/dev/ubivol/part1       372.1M     56.8M    315.4M  15% /part1
/dev/ubivol/part2       520.1M     60.5M    459.7M  12% /part2
none                    100.0M      2.3M     97.7M   2% /tmp
none                     10.0M         0     10.0M   0% /firmwarelog
none                      1.0M     56.0K    968.0K   5% /dev/shm


<cmd string='show image integrity'>
	show image integrity
/part1(Backup) 8.10.162.0
    part.bin : Good
    ramfs_data_cisco.cpio.lzma : Good
    iox.tar.gz : Good
/part2(primary) 17.12.6.28
    part.bin : Good
    ramfs_data_cisco.cpio.lzma : Good
    iox.tar.gz : Good

